#
# A fatal error has been detected by the Java Runtime Environment:
#
#  SIGSEGV (0xb) at pc=0x00007fcfe7cdf9ae, pid=7392, tid=140530672658176
#
# JRE version: Java(TM) SE Runtime Environment (7.0_60-b19) (build 1.7.0_60-b19)
# Java VM: Java HotSpot(TM) 64-Bit Server VM (24.60-b09 mixed mode linux-amd64 compressed oops)
# Problematic frame:
# V  [libjvm.so+0x6a69ae]  JNIHandles::checked_resolve_jmethod_id(_jmethodID*)+0xe
#
# Failed to write core dump. Core dumps have been disabled. To enable core dumping, try "ulimit -c unlimited" before starting Java again
#
# If you would like to submit a bug report, please visit:
#   http://bugreport.sun.com/bugreport/crash.jsp
#

---------------  T H R E A D  ---------------

Current thread (0x00007fcfe00a9000):  JavaThread "JDWP Transport Listener: dt_socket" daemon [_thread_in_vm, id=7406, stack(0x00007fcfd8c2e000,0x00007fcfd8d2f000)]

siginfo:si_signo=SIGSEGV: si_errno=0, si_code=1 (SEGV_MAPERR), si_addr=0x0000000000000030

Registers:
RAX=0x0000000000000001, RBX=0x00007fcfe000b580, RCX=0x00007fcfe8ea7320, RDX=0x00007fcfe8482ec0
RSP=0x00007fcfd8d2da10, RBP=0x00007fcfd8d2da20, RSI=0x00007fcfe00a9000, RDI=0x0000000000000030
R8 =0x0000000000000000, R9 =0x00007fcfb804e420, R10=0x0000000000000060, R11=0x00007fcfe8635b70
R12=0x0000000000000017, R13=0x0000000000000030, R14=0x00007fcfe00a9000, R15=0x00007fcfd8d2db27
RIP=0x00007fcfe7cdf9ae, EFLAGS=0x0000000000010206, CSGSFS=0xffff000000000033, ERR=0x0000000000000004
  TRAPNO=0x000000000000000e

Top of Stack: (sp=0x00007fcfd8d2da10)
0x00007fcfd8d2da10:   0000000000000074 00007fcfe000b580
0x00007fcfd8d2da20:   00007fcfd8d2da90 00007fcfe7cd0dde
0x00007fcfd8d2da30:   0000000000000073 00007fcfd8d2da40
0x00007fcfd8d2da40:   00007fcfe00a9000 0000000000000000
0x00007fcfd8d2da50:   00007fcf00000000 0000000000000000
0x00007fcfd8d2da60:   00007fcfd8d2da80 00007fcfe6cf1120
0x00007fcfd8d2da70:   0000000000000030 00007fcfd8d2db27
0x00007fcfd8d2da80:   0000000000000004 00007fcfd8d2db27
0x00007fcfd8d2da90:   00007fcfd8d2dac0 00007fcfe6adc472
0x00007fcfd8d2daa0:   00007fcfd8d2dac0 0000000000000030
0x00007fcfd8d2dab0:   00007fcfd8d2db90 0000000000000020
0x00007fcfd8d2dac0:   00007fcfd8d2db50 00007fcfe6abda60
0x00007fcfd8d2dad0:   00007fcfd8d2db08 00007fcfd8d2db00
0x00007fcfd8d2dae0:   00007fcfd8d2daf8 00007fcfd8d2db1c
0x00007fcfd8d2daf0:   00000001b805cbc0 0000000000000000
0x00007fcfd8d2db00:   0000000000000000 0000000000000000
0x00007fcfd8d2db10:   00007fcfb805d1e0 00000001d8d2db90
0x00007fcfd8d2db20:   0000000000000005 0000000000000002
0x00007fcfd8d2db30:   000000000000000f 0000000000000002
0x00007fcfd8d2db40:   00000000000f0200 000000000000000f
0x00007fcfd8d2db50:   00007fcfd8d2dda0 00007fcfe6ac8976
0x00007fcfd8d2db60:   000aa25600000013 00007fcfe70f0200
0x00007fcfd8d2db70:   00007fcfb0007bb0 00007fcfe00a9000
0x00007fcfd8d2db80:   00007fcfd8d2db90 00007fcfd8d2dd20
0x00007fcfd8d2db90:   00007fcfb804e4b2 00007fcf00000246
0x00007fcfd8d2dba0:   00007fcfb805d330 000000000000012c
0x00007fcfd8d2dbb0:   00007fcfd8d2dbe0 00007fcfb805d330
0x00007fcfd8d2dbc0:   0000000000000000 000aa2560000000f
0x00007fcfd8d2dbd0:   00007fcf0000dc80 00007fcfd8d2dbe0
0x00007fcfd8d2dbe0:   cf7f000005000000 06000000c0c200ac
0x00007fcfd8d2dbf0:   00003e74696e693c 0000005629280300
0x00007fcfd8d2dc00:   7f00000200000000 000000d0c200accf 

Instructions: (pc=0x00007fcfe7cdf9ae)
0x00007fcfe7cdf98e:   20 00 e9 52 ff ff ff 90 90 90 90 90 90 90 90 90
0x00007fcfe7cdf99e:   90 90 55 48 89 e5 53 48 83 ec 08 48 85 ff 74 3c
0x00007fcfe7cdf9ae:   48 8b 1f 48 85 db 74 34 48 b8 fe fe fe fe fe fe
0x00007fcfe7cdf9be:   fe fe 48 39 c3 74 25 48 8b 05 dc fb 75 00 80 38 

Register to memory mapping:

RAX=0x0000000000000001 is an unknown value
RBX=0x00007fcfe000b580 is an unknown value
RCX=0x00007fcfe8ea7320: <offset 0x219320> in /lib/x86_64-linux-gnu/libpthread.so.0 at 0x00007fcfe8c8e000
RDX=0x00007fcfe8482ec0: <offset 0xe49ec0> in /home/ubuntu/work/jdk1.7.0_60/jre/lib/amd64/server/libjvm.so at 0x00007fcfe7639000
RSP=0x00007fcfd8d2da10 is pointing into the stack for thread: 0x00007fcfe00a9000
RBP=0x00007fcfd8d2da20 is pointing into the stack for thread: 0x00007fcfe00a9000
RSI=0x00007fcfe00a9000 is a thread
RDI=0x0000000000000030 is an unknown value
R8 =0x0000000000000000 is an unknown value
R9 =0x00007fcfb804e420 is an unknown value
R10=0x0000000000000060 is an unknown value
R11=0x00007fcfe8635b70: <offset 0x188b70> in /lib/x86_64-linux-gnu/libc.so.6 at 0x00007fcfe84ad000
R12=0x0000000000000017 is an unknown value
R13=0x0000000000000030 is an unknown value
R14=0x00007fcfe00a9000 is a thread
R15=0x00007fcfd8d2db27 is pointing into the stack for thread: 0x00007fcfe00a9000


Stack: [0x00007fcfd8c2e000,0x00007fcfd8d2f000],  sp=0x00007fcfd8d2da10,  free space=1022k
Native frames: (J=compiled Java code, j=interpreted, Vv=VM code, C=native code)
V  [libjvm.so+0x6a69ae]  JNIHandles::checked_resolve_jmethod_id(_jmethodID*)+0xe
V  [libjvm.so+0x697dde]  jvmti_IsMethodSynthetic+0x23e
C  [libjdwp.so+0x25472]  isMethodSynthetic+0x42
C  [libjdwp.so+0x6a60]  methods1+0x1b0
C  [libjdwp.so+0x11976]  debugLoop_run+0x2b6
C  [libjdwp.so+0x243af]  attachThread+0x2f
V  [libjvm.so+0x6fc5b7]  JvmtiAgentThread::call_start_function()+0x97
V  [libjvm.so+0x958bdf]  JavaThread::thread_main_inner()+0xdf
V  [libjvm.so+0x958ce5]  JavaThread::run()+0xf5
V  [libjvm.so+0x81f7f8]  java_start(Thread*)+0x108


---------------  P R O C E S S  ---------------

Java Threads: ( => current thread )
  0x00007fcf7c002800 JavaThread "sparkDriverActorSystem-akka.remote.default-remote-dispatcher-15" daemon [_thread_blocked, id=7512, stack(0x00007fcf9a4fc000,0x00007fcf9a5fd000)]
  0x00007fcfc8007000 JavaThread "block-manager-slave-async-thread-pool-3" daemon [_thread_blocked, id=7500, stack(0x00007fcf9a6fe000,0x00007fcf9a7ff000)]
  0x00007fcf84003800 JavaThread "task-result-getter-3" daemon [_thread_blocked, id=7492, stack(0x00007fcf5b3eb000,0x00007fcf5b4ec000)]
  0x00007fcf8c00c800 JavaThread "task-result-getter-2" daemon [_thread_blocked, id=7491, stack(0x00007fcf5b4ec000,0x00007fcf5b5ed000)]
  0x00007fcf8c00a000 JavaThread "task-result-getter-1" daemon [_thread_blocked, id=7490, stack(0x00007fcf5b5ed000,0x00007fcf5b6ee000)]
  0x00007fcfc4001800 JavaThread "block-manager-ask-thread-pool-1" daemon [_thread_blocked, id=7489, stack(0x00007fcf5b6ee000,0x00007fcf5b7ef000)]
  0x00007fcfc8005800 JavaThread "block-manager-slave-async-thread-pool-2" daemon [_thread_blocked, id=7488, stack(0x00007fcf5b7ef000,0x00007fcf5b8f0000)]
  0x00007fcfc8002000 JavaThread "block-manager-slave-async-thread-pool-1" daemon [_thread_blocked, id=7487, stack(0x00007fcf5b8f0000,0x00007fcf5b9f1000)]
  0x00007fcf8c008800 JavaThread "block-manager-ask-thread-pool-0" daemon [_thread_blocked, id=7486, stack(0x00007fcf5b9f1000,0x00007fcf5baf2000)]
  0x00007fcf90018800 JavaThread "block-manager-slave-async-thread-pool-0" daemon [_thread_blocked, id=7485, stack(0x00007fcf5baf2000,0x00007fcf5bbf3000)]
  0x00007fcf9400f800 JavaThread "task-result-getter-0" daemon [_thread_blocked, id=7484, stack(0x00007fcf5bbf3000,0x00007fcf5bcf4000)]
  0x00007fcf90011000 JavaThread "Executor task launch worker-0" daemon [_thread_blocked, id=7483, stack(0x00007fcf5beff000,0x00007fcf5c000000)]
  0x00007fcfe12eb000 JavaThread "process reaper" daemon [_thread_blocked, id=7481, stack(0x00007fcf9802e000,0x00007fcf98067000)]
  0x00007fcfe11c8800 JavaThread "SparkListenerBus" daemon [_thread_blocked, id=7478, stack(0x00007fcf982b9000,0x00007fcf983ba000)]
  0x00007fcfe11c1800 JavaThread "context-cleaner-periodic-gc" daemon [_thread_blocked, id=7477, stack(0x00007fcf983ba000,0x00007fcf984bb000)]
  0x00007fcfe11c7000 JavaThread "Spark Context Cleaner" daemon [_thread_blocked, id=7476, stack(0x00007fcf984bb000,0x00007fcf985bc000)]
  0x00007fcfe10f4800 JavaThread "shuffle-server-0" daemon [_thread_blocked, id=7475, stack(0x00007fcf985bc000,0x00007fcf986bd000)]
  0x00007fcfe10ce000 JavaThread "driver-heartbeater" daemon [_thread_blocked, id=7474, stack(0x00007fcf986bd000,0x00007fcf987be000)]
  0x00007fcfe10b7000 JavaThread "dag-scheduler-event-loop" daemon [_thread_blocked, id=7473, stack(0x00007fcf987be000,0x00007fcf988bf000)]
  0x00007fcfe1097800 JavaThread "Timer-0" daemon [_thread_blocked, id=7472, stack(0x00007fcf988bf000,0x00007fcf989c0000)]
  0x00007fcf8c005000 JavaThread "netty-rpc-env-timeout" daemon [_thread_blocked, id=7471, stack(0x00007fcf997ef000,0x00007fcf998f0000)]
  0x00007fcf8c002000 JavaThread "heartbeat-receiver-event-loop-thread" daemon [_thread_blocked, id=7470, stack(0x00007fcf998f0000,0x00007fcf999f1000)]
  0x00007fcfe107b000 JavaThread "qtp633343543-61" daemon [_thread_blocked, id=7469, stack(0x00007fcf990c7000,0x00007fcf991c8000)]
  0x00007fcfe1068000 JavaThread "qtp633343543-60" daemon [_thread_blocked, id=7468, stack(0x00007fcf98fc6000,0x00007fcf990c7000)]
  0x00007fcfe106b000 JavaThread "qtp633343543-59" daemon [_thread_blocked, id=7467, stack(0x00007fcf98dc4000,0x00007fcf98ec5000)]
  0x00007fcfe1076800 JavaThread "qtp633343543-58" daemon [_thread_blocked, id=7466, stack(0x00007fcf98bc2000,0x00007fcf98cc3000)]
  0x00007fcfe1078800 JavaThread "qtp633343543-57" daemon [_thread_blocked, id=7465, stack(0x00007fcf989c0000,0x00007fcf98ac1000)]
  0x00007fcfe1074800 JavaThread "qtp633343543-56" daemon [_thread_blocked, id=7464, stack(0x00007fcf98ec5000,0x00007fcf98fc6000)]
  0x00007fcfe1072800 JavaThread "qtp633343543-55 Acceptor0 SelectChannelConnector@0.0.0.0:4041" daemon [_thread_in_native, id=7463, stack(0x00007fcf98cc3000,0x00007fcf98dc4000)]
  0x00007fcfe1070800 JavaThread "qtp633343543-54 Selector0" daemon [_thread_blocked, id=7462, stack(0x00007fcf98ac1000,0x00007fcf98bc2000)]
  0x00007fcfe0df3800 JavaThread "SPARK_CONTEXT cleanup timer" daemon [_thread_blocked, id=7453, stack(0x00007fcf999f1000,0x00007fcf99af2000)]
  0x00007fcfe0dcd800 JavaThread "BROADCAST_VARS cleanup timer" daemon [_thread_blocked, id=7452, stack(0x00007fcf99af2000,0x00007fcf99bf3000)]
  0x00007fcfe0dd8000 JavaThread "BLOCK_MANAGER cleanup timer" daemon [_thread_blocked, id=7451, stack(0x00007fcf99bf3000,0x00007fcf99cf4000)]
  0x00007fcfe0d5d000 JavaThread "MAP_OUTPUT_TRACKER cleanup timer" daemon [_thread_blocked, id=7450, stack(0x00007fcf99cf4000,0x00007fcf99df5000)]
  0x00007fcf700b9800 JavaThread "New I/O server boss #6" daemon [_thread_in_native, id=7449, stack(0x00007fcf99df5000,0x00007fcf99ef6000)]
  0x00007fcf70062000 JavaThread "New I/O worker #5" daemon [_thread_blocked, id=7448, stack(0x00007fcf99ef6000,0x00007fcf99ff7000)]
  0x00007fcf70066000 JavaThread "New I/O worker #4" daemon [_thread_blocked, id=7447, stack(0x00007fcf99ff7000,0x00007fcf9a0f8000)]
  0x00007fcf70064000 JavaThread "New I/O boss #3" daemon [_thread_blocked, id=7446, stack(0x00007fcf9a0f8000,0x00007fcf9a1f9000)]
  0x00007fcf7001e000 JavaThread "New I/O worker #2" daemon [_thread_blocked, id=7445, stack(0x00007fcf9a1f9000,0x00007fcf9a2fa000)]
  0x00007fcf70024800 JavaThread "New I/O worker #1" daemon [_thread_blocked, id=7444, stack(0x00007fcf9a2fa000,0x00007fcf9a3fb000)]
  0x00007fcf78002000 JavaThread "sparkDriverActorSystem-akka.remote.default-remote-dispatcher-6" daemon [_thread_blocked, id=7443, stack(0x00007fcf9a3fb000,0x00007fcf9a4fc000)]
  0x00007fcf74001800 JavaThread "sparkDriverActorSystem-akka.actor.default-dispatcher-4" daemon [_thread_blocked, id=7441, stack(0x00007fcf9a5fd000,0x00007fcf9a6fe000)]
  0x00007fcfe0cf6000 JavaThread "sparkDriverActorSystem-akka.actor.default-dispatcher-2" daemon [_thread_blocked, id=7439, stack(0x00007fcf9a7ff000,0x00007fcf9a900000)]
  0x00007fcfe0c7f800 JavaThread "sparkDriverActorSystem-scheduler-1" daemon [_thread_blocked, id=7438, stack(0x00007fcf9a900000,0x00007fcf9aa01000)]
  0x00007fcfe0bf3000 JavaThread "shuffle-server-0" daemon [_thread_blocked, id=7437, stack(0x00007fcf9aa01000,0x00007fcf9ab02000)]
  0x00007fcfe0b0b000 JavaThread "dispatcher-event-loop-3" daemon [_thread_blocked, id=7435, stack(0x00007fcf9ab02000,0x00007fcf9ac03000)]
  0x00007fcfe0b09800 JavaThread "dispatcher-event-loop-2" daemon [_thread_blocked, id=7434, stack(0x00007fcf9ac03000,0x00007fcf9ad04000)]
  0x00007fcfe0b08000 JavaThread "dispatcher-event-loop-1" daemon [_thread_blocked, id=7433, stack(0x00007fcf9ad04000,0x00007fcf9ae05000)]
  0x00007fcfe0b06800 JavaThread "dispatcher-event-loop-0" daemon [_thread_blocked, id=7432, stack(0x00007fcf9ae05000,0x00007fcf9af06000)]
  0x00007fcfe00b4800 JavaThread "Service Thread" daemon [_thread_blocked, id=7412, stack(0x00007fcfd8729000,0x00007fcfd882a000)]
  0x00007fcfe00b2000 JavaThread "C2 CompilerThread1" daemon [_thread_blocked, id=7411, stack(0x00007fcfd882a000,0x00007fcfd892b000)]
  0x00007fcfe00af000 JavaThread "C2 CompilerThread0" daemon [_thread_blocked, id=7410, stack(0x00007fcfd892b000,0x00007fcfd8a2c000)]
  0x00007fcfb8001000 JavaThread "JDWP Command Reader" daemon [_thread_in_native, id=7409, stack(0x00007fcfd8a2c000,0x00007fcfd8b2d000)]
  0x00007fcfe00ad000 JavaThread "JDWP Event Helper Thread" daemon [_thread_blocked, id=7408, stack(0x00007fcfd8b2d000,0x00007fcfd8c2e000)]
=>0x00007fcfe00a9000 JavaThread "JDWP Transport Listener: dt_socket" daemon [_thread_in_vm, id=7406, stack(0x00007fcfd8c2e000,0x00007fcfd8d2f000)]
  0x00007fcfe0099000 JavaThread "Signal Dispatcher" daemon [_thread_blocked, id=7404, stack(0x00007fcfd8f33000,0x00007fcfd9034000)]
  0x00007fcfe007a000 JavaThread "Finalizer" daemon [_thread_blocked, id=7402, stack(0x00007fcfd9034000,0x00007fcfd9135000)]
  0x00007fcfe0078000 JavaThread "Reference Handler" daemon [_thread_blocked, id=7401, stack(0x00007fcfd9135000,0x00007fcfd9236000)]
  0x00007fcfe0014000 JavaThread "main" [_thread_blocked, id=7394, stack(0x00007fcfe8fb2000,0x00007fcfe90b3000)]

Other Threads:
  0x00007fcfe0074000 VMThread [stack: 0x00007fcfd9236000,0x00007fcfd9337000] [id=7399]
  0x00007fcfe00bf800 WatcherThread [stack: 0x00007fcfd8628000,0x00007fcfd8729000] [id=7413]

VM state:not at safepoint (normal execution)

VM Mutex/Monitor currently owned by a thread: None

Heap
 PSYoungGen      total 345600K, used 191320K [0x00000000dea00000, 0x00000000f5700000, 0x0000000100000000)
  eden space 325120K, 52% used [0x00000000dea00000,0x00000000e91c8118,0x00000000f2780000)
  from space 20480K, 95% used [0x00000000f3e00000,0x00000000f510e238,0x00000000f5200000)
  to   space 23040K, 0% used [0x00000000f2780000,0x00000000f2780000,0x00000000f3e00000)
 ParOldGen       total 68096K, used 22626K [0x000000009be00000, 0x00000000a0080000, 0x00000000dea00000)
  object space 68096K, 33% used [0x000000009be00000,0x000000009d4188e0,0x00000000a0080000)
 PSPermGen       total 59392K, used 59064K [0x0000000096c00000, 0x000000009a600000, 0x000000009be00000)
  object space 59392K, 99% used [0x0000000096c00000,0x000000009a5ae268,0x000000009a600000)

Card table byte_map: [0x00007fcfe5430000,0x00007fcfe577b000] byte_map_base: 0x00007fcfe4f7a000

Polling page: 0x00007fcfe90cb000

Code Cache  [0x00007fcfdd000000, 0x00007fcfdd330000, 0x00007fcfe0000000)
 total_blobs=2237 nmethods=1027 adapters=1170 free_code_cache=45982Kb largest_free_block=47047680

Compilation events (10 events):
Event: 27.445 Thread 0x00007fcfe00af000 1098             java.util.AbstractSet::<init> (5 bytes)
Event: 27.446 Thread 0x00007fcfe00af000 nmethod 1098 0x00007fcfdd29bdd0 code [0x00007fcfdd29bf00, 0x00007fcfdd29bf58]
Event: 27.471 Thread 0x00007fcfe00af000 1099             java.util.concurrent.ConcurrentHashMap$HashEntry::<init> (26 bytes)
Event: 27.471 Thread 0x00007fcfe00af000 nmethod 1099 0x00007fcfdd29bb90 code [0x00007fcfdd29bcc0, 0x00007fcfdd29bd58]
Event: 27.932 Thread 0x00007fcfe00af000 1101             breeze.linalg.DenseMatrix::rows (5 bytes)
Event: 27.932 Thread 0x00007fcfe00af000 nmethod 1101 0x00007fcfdd299ed0 code [0x00007fcfdd29a000, 0x00007fcfdd29a058]
Event: 27.933 Thread 0x00007fcfe00af000 1102             breeze.linalg.DenseMatrix::cols (5 bytes)
Event: 27.933 Thread 0x00007fcfe00af000 nmethod 1102 0x00007fcfdd299cd0 code [0x00007fcfdd299e00, 0x00007fcfdd299e58]
Event: 34.710 Thread 0x00007fcfe00af000 1103             akka.actor.LightArrayRevolverScheduler$$anon$8::tick (5 bytes)
Event: 34.710 Thread 0x00007fcfe00af000 nmethod 1103 0x00007fcfdd321a10 code [0x00007fcfdd321b40, 0x00007fcfdd321b98]

GC Heap History (10 events):
Event: 2.808 GC heap before
{Heap before GC invocations=6 (full 0):
 PSYoungGen      total 56320K, used 56303K [0x00000000dea00000, 0x00000000e6100000, 0x0000000100000000)
  eden space 52224K, 100% used [0x00000000dea00000,0x00000000e1d00000,0x00000000e1d00000)
  from space 4096K, 99% used [0x00000000e1d00000,0x00000000e20fbfa8,0x00000000e2100000)
  to   space 8704K, 0% used [0x00000000e5880000,0x00000000e5880000,0x00000000e6100000)
 ParOldGen       total 68096K, used 5978K [0x000000009be00000, 0x00000000a0080000, 0x00000000dea00000)
  object space 68096K, 8% used [0x000000009be00000,0x000000009c3d6958,0x00000000a0080000)
 PSPermGen       total 27136K, used 27105K [0x0000000096c00000, 0x0000000098680000, 0x000000009be00000)
  object space 27136K, 99% used [0x0000000096c00000,0x0000000098678780,0x0000000098680000)
Event: 2.901 GC heap after
Heap after GC invocations=6 (full 0):
 PSYoungGen      total 111616K, used 8640K [0x00000000dea00000, 0x00000000e6400000, 0x0000000100000000)
  eden space 102912K, 0% used [0x00000000dea00000,0x00000000dea00000,0x00000000e4e80000)
  from space 8704K, 99% used [0x00000000e5880000,0x00000000e60f02f8,0x00000000e6100000)
  to   space 10240K, 0% used [0x00000000e4e80000,0x00000000e4e80000,0x00000000e5880000)
 ParOldGen       total 68096K, used 5978K [0x000000009be00000, 0x00000000a0080000, 0x00000000dea00000)
  object space 68096K, 8% used [0x000000009be00000,0x000000009c3d6958,0x00000000a0080000)
 PSPermGen       total 27136K, used 27105K [0x0000000096c00000, 0x0000000098680000, 0x000000009be00000)
  object space 27136K, 99% used [0x0000000096c00000,0x0000000098678780,0x0000000098680000)
}
Event: 3.878 GC heap before
{Heap before GC invocations=7 (full 0):
 PSYoungGen      total 111616K, used 111552K [0x00000000dea00000, 0x00000000e6400000, 0x0000000100000000)
  eden space 102912K, 100% used [0x00000000dea00000,0x00000000e4e80000,0x00000000e4e80000)
  from space 8704K, 99% used [0x00000000e5880000,0x00000000e60f02f8,0x00000000e6100000)
  to   space 10240K, 0% used [0x00000000e4e80000,0x00000000e4e80000,0x00000000e5880000)
 ParOldGen       total 68096K, used 5978K [0x000000009be00000, 0x00000000a0080000, 0x00000000dea00000)
  object space 68096K, 8% used [0x000000009be00000,0x000000009c3d6958,0x00000000a0080000)
 PSPermGen       total 35840K, used 35373K [0x0000000096c00000, 0x0000000098f00000, 0x000000009be00000)
  object space 35840K, 98% used [0x0000000096c00000,0x0000000098e8b478,0x0000000098f00000)
Event: 3.908 GC heap after
Heap after GC invocations=7 (full 0):
 PSYoungGen      total 113152K, used 10230K [0x00000000dea00000, 0x00000000ece00000, 0x0000000100000000)
  eden space 102912K, 0% used [0x00000000dea00000,0x00000000dea00000,0x00000000e4e80000)
  from space 10240K, 99% used [0x00000000e4e80000,0x00000000e587da98,0x00000000e5880000)
  to   space 13824K, 0% used [0x00000000ec080000,0x00000000ec080000,0x00000000ece00000)
 ParOldGen       total 68096K, used 9454K [0x000000009be00000, 0x00000000a0080000, 0x00000000dea00000)
  object space 68096K, 13% used [0x000000009be00000,0x000000009c73ba38,0x00000000a0080000)
 PSPermGen       total 35840K, used 35373K [0x0000000096c00000, 0x0000000098f00000, 0x000000009be00000)
  object space 35840K, 98% used [0x0000000096c00000,0x0000000098e8b478,0x0000000098f00000)
}
Event: 5.022 GC heap before
{Heap before GC invocations=8 (full 0):
 PSYoungGen      total 113152K, used 113142K [0x00000000dea00000, 0x00000000ece00000, 0x0000000100000000)
  eden space 102912K, 100% used [0x00000000dea00000,0x00000000e4e80000,0x00000000e4e80000)
  from space 10240K, 99% used [0x00000000e4e80000,0x00000000e587da98,0x00000000e5880000)
  to   space 13824K, 0% used [0x00000000ec080000,0x00000000ec080000,0x00000000ece00000)
 ParOldGen       total 68096K, used 9454K [0x000000009be00000, 0x00000000a0080000, 0x00000000dea00000)
  object space 68096K, 13% used [0x000000009be00000,0x000000009c73ba38,0x00000000a0080000)
 PSPermGen       total 41984K, used 41974K [0x0000000096c00000, 0x0000000099500000, 0x000000009be00000)
  object space 41984K, 99% used [0x0000000096c00000,0x00000000994fdac8,0x0000000099500000)
Event: 5.039 GC heap after
Heap after GC invocations=8 (full 0):
 PSYoungGen      total 218624K, used 10176K [0x00000000dea00000, 0x00000000ed000000, 0x0000000100000000)
  eden space 204800K, 0% used [0x00000000dea00000,0x00000000dea00000,0x00000000eb200000)
  from space 13824K, 73% used [0x00000000ec080000,0x00000000eca70178,0x00000000ece00000)
  to   space 14848K, 0% used [0x00000000eb200000,0x00000000eb200000,0x00000000ec080000)
 ParOldGen       total 68096K, used 10950K [0x000000009be00000, 0x00000000a0080000, 0x00000000dea00000)
  object space 68096K, 16% used [0x000000009be00000,0x000000009c8b1a68,0x00000000a0080000)
 PSPermGen       total 41984K, used 41974K [0x0000000096c00000, 0x0000000099500000, 0x000000009be00000)
  object space 41984K, 99% used [0x0000000096c00000,0x00000000994fdac8,0x0000000099500000)
}
Event: 6.065 GC heap before
{Heap before GC invocations=9 (full 0):
 PSYoungGen      total 218624K, used 214976K [0x00000000dea00000, 0x00000000ed000000, 0x0000000100000000)
  eden space 204800K, 100% used [0x00000000dea00000,0x00000000eb200000,0x00000000eb200000)
  from space 13824K, 73% used [0x00000000ec080000,0x00000000eca70178,0x00000000ece00000)
  to   space 14848K, 0% used [0x00000000eb200000,0x00000000eb200000,0x00000000ec080000)
 ParOldGen       total 68096K, used 10950K [0x000000009be00000, 0x00000000a0080000, 0x00000000dea00000)
  object space 68096K, 16% used [0x000000009be00000,0x000000009c8b1a68,0x00000000a0080000)
 PSPermGen       total 44032K, used 43653K [0x0000000096c00000, 0x0000000099700000, 0x000000009be00000)
  object space 44032K, 99% used [0x0000000096c00000,0x00000000996a1580,0x0000000099700000)
Event: 6.093 GC heap after
Heap after GC invocations=9 (full 0):
 PSYoungGen      total 219648K, used 14829K [0x00000000dea00000, 0x00000000f5200000, 0x0000000100000000)
  eden space 204800K, 0% used [0x00000000dea00000,0x00000000dea00000,0x00000000eb200000)
  from space 14848K, 99% used [0x00000000eb200000,0x00000000ec07b7a0,0x00000000ec080000)
  to   space 20480K, 0% used [0x00000000f3e00000,0x00000000f3e00000,0x00000000f5200000)
 ParOldGen       total 68096K, used 19497K [0x000000009be00000, 0x00000000a0080000, 0x00000000dea00000)
  object space 68096K, 28% used [0x000000009be00000,0x000000009d10a4c0,0x00000000a0080000)
 PSPermGen       total 44032K, used 43653K [0x0000000096c00000, 0x0000000099700000, 0x000000009be00000)
  object space 44032K, 99% used [0x0000000096c00000,0x00000000996a1580,0x0000000099700000)
}
Event: 26.012 GC heap before
{Heap before GC invocations=10 (full 0):
 PSYoungGen      total 219648K, used 219629K [0x00000000dea00000, 0x00000000f5200000, 0x0000000100000000)
  eden space 204800K, 100% used [0x00000000dea00000,0x00000000eb200000,0x00000000eb200000)
  from space 14848K, 99% used [0x00000000eb200000,0x00000000ec07b7a0,0x00000000ec080000)
  to   space 20480K, 0% used [0x00000000f3e00000,0x00000000f3e00000,0x00000000f5200000)
 ParOldGen       total 68096K, used 19497K [0x000000009be00000, 0x00000000a0080000, 0x00000000dea00000)
  object space 68096K, 28% used [0x000000009be00000,0x000000009d10a4c0,0x00000000a0080000)
 PSPermGen       total 51712K, used 51602K [0x0000000096c00000, 0x0000000099e80000, 0x000000009be00000)
  object space 51712K, 99% used [0x0000000096c00000,0x0000000099e649b8,0x0000000099e80000)
Event: 26.156 GC heap after
Heap after GC invocations=10 (full 0):
 PSYoungGen      total 345600K, used 19512K [0x00000000dea00000, 0x00000000f5700000, 0x0000000100000000)
  eden space 325120K, 0% used [0x00000000dea00000,0x00000000dea00000,0x00000000f2780000)
  from space 20480K, 95% used [0x00000000f3e00000,0x00000000f510e238,0x00000000f5200000)
  to   space 23040K, 0% used [0x00000000f2780000,0x00000000f2780000,0x00000000f3e00000)
 ParOldGen       total 68096K, used 22626K [0x000000009be00000, 0x00000000a0080000, 0x00000000dea00000)
  object space 68096K, 33% used [0x000000009be00000,0x000000009d4188e0,0x00000000a0080000)
 PSPermGen       total 51712K, used 51602K [0x0000000096c00000, 0x0000000099e80000, 0x000000009be00000)
  object space 51712K, 99% used [0x0000000096c00000,0x0000000099e649b8,0x0000000099e80000)
}

Deoptimization events (10 events):
Event: 26.270 Thread 0x00007fcfe0b06800 Uncommon trap: reason=class_check action=maybe_recompile pc=0x00007fcfdd1b8830 method=scala.collection.IterableLike$class.exists(Lscala/collection/IterableLike;Lscala/Function1;)Z @ 1
Event: 26.270 Thread 0x00007fcfe0b06800 Uncommon trap: reason=class_check action=maybe_recompile pc=0x00007fcfdd1be330 method=scala.collection.Iterator$class.exists(Lscala/collection/Iterator;Lscala/Function1;)Z @ 7
Event: 26.384 Thread 0x00007fcfe10b7000 Uncommon trap: reason=class_check action=maybe_recompile pc=0x00007fcfdd1b8830 method=scala.collection.IterableLike$class.exists(Lscala/collection/IterableLike;Lscala/Function1;)Z @ 1
Event: 26.384 Thread 0x00007fcfe10b7000 Uncommon trap: reason=class_check action=maybe_recompile pc=0x00007fcfdd1be330 method=scala.collection.Iterator$class.exists(Lscala/collection/Iterator;Lscala/Function1;)Z @ 7
Event: 26.384 Thread 0x00007fcfe10b7000 Uncommon trap: reason=class_check action=maybe_recompile pc=0x00007fcfdd1b8830 method=scala.collection.IterableLike$class.exists(Lscala/collection/IterableLike;Lscala/Function1;)Z @ 1
Event: 26.384 Thread 0x00007fcfe10b7000 Uncommon trap: reason=class_check action=maybe_recompile pc=0x00007fcfdd1be330 method=scala.collection.Iterator$class.exists(Lscala/collection/Iterator;Lscala/Function1;)Z @ 7
Event: 26.384 Thread 0x00007fcfe10b7000 Uncommon trap: reason=class_check action=maybe_recompile pc=0x00007fcfdd1bc61c method=scala.collection.IterableLike$class.exists(Lscala/collection/IterableLike;Lscala/Function1;)Z @ 1
Event: 26.391 Thread 0x00007fcfe10b7000 Uncommon trap: reason=class_check action=maybe_recompile pc=0x00007fcfdd27a4fc method=scala.collection.immutable.Range.hasStub()Z @ 1
Event: 26.392 Thread 0x00007fcfe0b0b000 Uncommon trap: reason=class_check action=maybe_recompile pc=0x00007fcfdd27a4fc method=scala.collection.immutable.Range.hasStub()Z @ 1
Event: 26.487 Thread 0x00007fcfe0b08000 Uncommon trap: reason=class_check action=maybe_recompile pc=0x00007fcfdd27a4fc method=scala.collection.immutable.Range.hasStub()Z @ 1

Internal exceptions (10 events):
Event: 28.089 Thread 0x00007fcfe0014000 Threw 0x00000000e8a0e6d0 at /HUDSON/workspace/7u-2-build-linux-amd64/jdk7u60/1081/hotspot/src/share/vm/prims/jvm.cpp:1244
Event: 28.223 Thread 0x00007fcfe0014000 Threw 0x00000000e8a20d10 at /HUDSON/workspace/7u-2-build-linux-amd64/jdk7u60/1081/hotspot/src/share/vm/prims/jvm.cpp:1244
Event: 28.223 Thread 0x00007fcfe0014000 Threw 0x00000000e8a2d6f8 at /HUDSON/workspace/7u-2-build-linux-amd64/jdk7u60/1081/hotspot/src/share/vm/prims/jvm.cpp:1244
Event: 28.224 Thread 0x00007fcfe0014000 Threw 0x00000000e8a41cf8 at /HUDSON/workspace/7u-2-build-linux-amd64/jdk7u60/1081/hotspot/src/share/vm/prims/jvm.cpp:1244
Event: 28.224 Thread 0x00007fcfe0014000 Threw 0x00000000e8a54968 at /HUDSON/workspace/7u-2-build-linux-amd64/jdk7u60/1081/hotspot/src/share/vm/prims/jvm.cpp:1244
Event: 34.708 Thread 0x00007fcfe0014000 Threw 0x00000000e8a74648 at /HUDSON/workspace/7u-2-build-linux-amd64/jdk7u60/1081/hotspot/src/share/vm/prims/jvm.cpp:1244
Event: 39.697 Thread 0x00007fcfe0014000 Threw 0x00000000e8a94718 at /HUDSON/workspace/7u-2-build-linux-amd64/jdk7u60/1081/hotspot/src/share/vm/prims/jvm.cpp:1244
Event: 39.701 Thread 0x00007fcfe0014000 Threw 0x00000000e8aa26d8 at /HUDSON/workspace/7u-2-build-linux-amd64/jdk7u60/1081/hotspot/src/share/vm/prims/jvm.cpp:1244
Event: 39.705 Thread 0x00007fcfe0014000 Threw 0x00000000e8aae6d0 at /HUDSON/workspace/7u-2-build-linux-amd64/jdk7u60/1081/hotspot/src/share/vm/prims/jvm.cpp:1244
Event: 39.710 Thread 0x00007fcfe0014000 Threw 0x00000000e8abe550 at /HUDSON/workspace/7u-2-build-linux-amd64/jdk7u60/1081/hotspot/src/share/vm/prims/jvm.cpp:1244

Events (10 events):
Event: 5713.267 Executing VM operation: ChangeBreakpoints
Event: 5713.268 Executing VM operation: ChangeBreakpoints done
Event: 5943.966 Executing VM operation: ChangeBreakpoints
Event: 5943.966 Executing VM operation: ChangeBreakpoints done
Event: 5943.967 Executing VM operation: ChangeBreakpoints
Event: 5943.967 Executing VM operation: ChangeBreakpoints done
Event: 5943.973 Executing VM operation: RedefineClasses
Event: 5944.049 Executing VM operation: RedefineClasses done
Event: 5944.050 Executing VM operation: GetOrSetLocal
Event: 5944.050 Executing VM operation: GetOrSetLocal done


Dynamic libraries:
00400000-00401000 r-xp 00000000 08:01 263922                             /home/ubuntu/work/jdk1.7.0_60/bin/java
00600000-00601000 rw-p 00000000 08:01 263922                             /home/ubuntu/work/jdk1.7.0_60/bin/java
00a57000-00a78000 rw-p 00000000 00:00 0                                  [heap]
96c00000-9a600000 rw-p 00000000 00:00 0 
9a600000-9be00000 rw-p 00000000 00:00 0 
9be00000-a0080000 rw-p 00000000 00:00 0 
a0080000-dea00000 rw-p 00000000 00:00 0 
dea00000-f5700000 rw-p 00000000 00:00 0 
f5700000-100000000 rw-p 00000000 00:00 0 
7fcf5a0ec000-7fcf5a127000 r-xp 00000000 08:01 929012                     /usr/lib/x86_64-linux-gnu/libquadmath.so.0.0.0
7fcf5a127000-7fcf5a326000 ---p 0003b000 08:01 929012                     /usr/lib/x86_64-linux-gnu/libquadmath.so.0.0.0
7fcf5a326000-7fcf5a327000 r--p 0003a000 08:01 929012                     /usr/lib/x86_64-linux-gnu/libquadmath.so.0.0.0
7fcf5a327000-7fcf5a328000 rw-p 0003b000 08:01 929012                     /usr/lib/x86_64-linux-gnu/libquadmath.so.0.0.0
7fcf5a328000-7fcf5a8c0000 r-xp 00000000 08:01 921792                     /usr/lib/lapack/liblapack.so.3.0
7fcf5a8c0000-7fcf5aabf000 ---p 00598000 08:01 921792                     /usr/lib/lapack/liblapack.so.3.0
7fcf5aabf000-7fcf5aac0000 r--p 00597000 08:01 921792                     /usr/lib/lapack/liblapack.so.3.0
7fcf5aac0000-7fcf5aac4000 rw-p 00598000 08:01 921792                     /usr/lib/lapack/liblapack.so.3.0
7fcf5aac4000-7fcf5ab40000 r-xp 00000000 08:01 921790                     /usr/lib/libblas/libblas.so.3.0
7fcf5ab40000-7fcf5ad3f000 ---p 0007c000 08:01 921790                     /usr/lib/libblas/libblas.so.3.0
7fcf5ad3f000-7fcf5ad40000 r--p 0007b000 08:01 921790                     /usr/lib/libblas/libblas.so.3.0
7fcf5ad40000-7fcf5ad41000 rw-p 0007c000 08:01 921790                     /usr/lib/libblas/libblas.so.3.0
7fcf5ad41000-7fcf5ae58000 r-xp 00000000 08:01 921786                     /usr/lib/x86_64-linux-gnu/libgfortran.so.3.0.0
7fcf5ae58000-7fcf5b058000 ---p 00117000 08:01 921786                     /usr/lib/x86_64-linux-gnu/libgfortran.so.3.0.0
7fcf5b058000-7fcf5b059000 r--p 00117000 08:01 921786                     /usr/lib/x86_64-linux-gnu/libgfortran.so.3.0.0
7fcf5b059000-7fcf5b05b000 rw-p 00118000 08:01 921786                     /usr/lib/x86_64-linux-gnu/libgfortran.so.3.0.0
7fcf5b05b000-7fcf5b1e9000 r-xp 00000000 08:01 307250                     /tmp/jniloader6149946438313710445netlib-native_system-linux-x86_64.so
7fcf5b1e9000-7fcf5b3e8000 ---p 0018e000 08:01 307250                     /tmp/jniloader6149946438313710445netlib-native_system-linux-x86_64.so
7fcf5b3e8000-7fcf5b3ea000 rw-p 0018d000 08:01 307250                     /tmp/jniloader6149946438313710445netlib-native_system-linux-x86_64.so
7fcf5b3ea000-7fcf5b3eb000 rw-p 00000000 00:00 0 
7fcf5b3eb000-7fcf5b3ee000 ---p 00000000 00:00 0 
7fcf5b3ee000-7fcf5b4ec000 rw-p 00000000 00:00 0                          [stack:7492]
7fcf5b4ec000-7fcf5b4ef000 ---p 00000000 00:00 0 
7fcf5b4ef000-7fcf5b5ed000 rw-p 00000000 00:00 0                          [stack:7491]
7fcf5b5ed000-7fcf5b5f0000 ---p 00000000 00:00 0 
7fcf5b5f0000-7fcf5b6ee000 rw-p 00000000 00:00 0                          [stack:7490]
7fcf5b6ee000-7fcf5b6f1000 ---p 00000000 00:00 0 
7fcf5b6f1000-7fcf5b7ef000 rw-p 00000000 00:00 0                          [stack:7489]
7fcf5b7ef000-7fcf5b7f2000 ---p 00000000 00:00 0 
7fcf5b7f2000-7fcf5b8f0000 rw-p 00000000 00:00 0                          [stack:7488]
7fcf5b8f0000-7fcf5b8f3000 ---p 00000000 00:00 0 
7fcf5b8f3000-7fcf5b9f1000 rw-p 00000000 00:00 0                          [stack:7487]
7fcf5b9f1000-7fcf5b9f4000 ---p 00000000 00:00 0 
7fcf5b9f4000-7fcf5baf2000 rw-p 00000000 00:00 0                          [stack:7486]
7fcf5baf2000-7fcf5baf5000 ---p 00000000 00:00 0 
7fcf5baf5000-7fcf5bbf3000 rw-p 00000000 00:00 0                          [stack:7485]
7fcf5bbf3000-7fcf5bbf6000 ---p 00000000 00:00 0 
7fcf5bbf6000-7fcf5bcf4000 rw-p 00000000 00:00 0                          [stack:7484]
7fcf5bcf4000-7fcf5bcfe000 r-xp 00000000 08:01 307249                     /tmp/libnetty-transport-native-epoll4423983040225195022.so
7fcf5bcfe000-7fcf5befe000 ---p 0000a000 08:01 307249                     /tmp/libnetty-transport-native-epoll4423983040225195022.so
7fcf5befe000-7fcf5beff000 rw-p 0000a000 08:01 307249                     /tmp/libnetty-transport-native-epoll4423983040225195022.so
7fcf5beff000-7fcf5bf02000 ---p 00000000 00:00 0 
7fcf5bf02000-7fcf5c000000 rw-p 00000000 00:00 0                          [stack:7483]
7fcf5c000000-7fcf5c021000 rw-p 00000000 00:00 0 
7fcf5c021000-7fcf60000000 ---p 00000000 00:00 0 
7fcf60000000-7fcf60021000 rw-p 00000000 00:00 0 
7fcf60021000-7fcf64000000 ---p 00000000 00:00 0 
7fcf64000000-7fcf64021000 rw-p 00000000 00:00 0 
7fcf64021000-7fcf68000000 ---p 00000000 00:00 0 
7fcf68000000-7fcf68021000 rw-p 00000000 00:00 0 
7fcf68021000-7fcf6c000000 ---p 00000000 00:00 0 
7fcf6c000000-7fcf6c027000 rw-p 00000000 00:00 0 
7fcf6c027000-7fcf70000000 ---p 00000000 00:00 0 
7fcf70000000-7fcf7013e000 rw-p 00000000 00:00 0 
7fcf7013e000-7fcf74000000 ---p 00000000 00:00 0 
7fcf74000000-7fcf7405c000 rw-p 00000000 00:00 0 
7fcf7405c000-7fcf78000000 ---p 00000000 00:00 0 
7fcf78000000-7fcf78021000 rw-p 00000000 00:00 0 
7fcf78021000-7fcf7c000000 ---p 00000000 00:00 0 
7fcf7c000000-7fcf7c021000 rw-p 00000000 00:00 0 
7fcf7c021000-7fcf80000000 ---p 00000000 00:00 0 
7fcf80000000-7fcf80021000 rw-p 00000000 00:00 0 
7fcf80021000-7fcf84000000 ---p 00000000 00:00 0 
7fcf84000000-7fcf84021000 rw-p 00000000 00:00 0 
7fcf84021000-7fcf88000000 ---p 00000000 00:00 0 
7fcf88000000-7fcf88021000 rw-p 00000000 00:00 0 
7fcf88021000-7fcf8c000000 ---p 00000000 00:00 0 
7fcf8c000000-7fcf8c021000 rw-p 00000000 00:00 0 
7fcf8c021000-7fcf90000000 ---p 00000000 00:00 0 
7fcf90000000-7fcf90021000 rw-p 00000000 00:00 0 
7fcf90021000-7fcf94000000 ---p 00000000 00:00 0 
7fcf94000000-7fcf94021000 rw-p 00000000 00:00 0 
7fcf94021000-7fcf98000000 ---p 00000000 00:00 0 
7fcf9802e000-7fcf98031000 ---p 00000000 00:00 0 
7fcf98031000-7fcf98067000 rw-p 00000000 00:00 0                          [stack:7481]
7fcf98067000-7fcf980a4000 r-xp 00000000 08:01 307248                     /tmp/snappy-1.1.2-7622b913-e516-4025-aa94-a5f6bff6d1f8-libsnappyjava.so
7fcf980a4000-7fcf982a4000 ---p 0003d000 08:01 307248                     /tmp/snappy-1.1.2-7622b913-e516-4025-aa94-a5f6bff6d1f8-libsnappyjava.so
7fcf982a4000-7fcf982a7000 rw-p 0003d000 08:01 307248                     /tmp/snappy-1.1.2-7622b913-e516-4025-aa94-a5f6bff6d1f8-libsnappyjava.so
7fcf982a7000-7fcf982b9000 rw-p 00000000 00:00 0 
7fcf982b9000-7fcf982bc000 ---p 00000000 00:00 0 
7fcf982bc000-7fcf983ba000 rw-p 00000000 00:00 0                          [stack:7478]
7fcf983ba000-7fcf983bd000 ---p 00000000 00:00 0 
7fcf983bd000-7fcf984bb000 rw-p 00000000 00:00 0                          [stack:7477]
7fcf984bb000-7fcf984be000 ---p 00000000 00:00 0 
7fcf984be000-7fcf985bc000 rw-p 00000000 00:00 0                          [stack:7476]
7fcf985bc000-7fcf985bf000 ---p 00000000 00:00 0 
7fcf985bf000-7fcf986bd000 rw-p 00000000 00:00 0                          [stack:7475]
7fcf986bd000-7fcf986c0000 ---p 00000000 00:00 0 
7fcf986c0000-7fcf987be000 rw-p 00000000 00:00 0                          [stack:7474]
7fcf987be000-7fcf987c1000 ---p 00000000 00:00 0 
7fcf987c1000-7fcf988bf000 rw-p 00000000 00:00 0                          [stack:7473]
7fcf988bf000-7fcf988c2000 ---p 00000000 00:00 0 
7fcf988c2000-7fcf989c0000 rw-p 00000000 00:00 0                          [stack:7472]
7fcf989c0000-7fcf989c3000 ---p 00000000 00:00 0 
7fcf989c3000-7fcf98ac1000 rw-p 00000000 00:00 0                          [stack:7465]
7fcf98ac1000-7fcf98ac4000 ---p 00000000 00:00 0 
7fcf98ac4000-7fcf98bc2000 rw-p 00000000 00:00 0                          [stack:7462]
7fcf98bc2000-7fcf98bc5000 ---p 00000000 00:00 0 
7fcf98bc5000-7fcf98cc3000 rw-p 00000000 00:00 0                          [stack:7466]
7fcf98cc3000-7fcf98cc6000 ---p 00000000 00:00 0 
7fcf98cc6000-7fcf98dc4000 rw-p 00000000 00:00 0                          [stack:7463]
7fcf98dc4000-7fcf98dc7000 ---p 00000000 00:00 0 
7fcf98dc7000-7fcf98ec5000 rw-p 00000000 00:00 0                          [stack:7467]
7fcf98ec5000-7fcf98ec8000 ---p 00000000 00:00 0 
7fcf98ec8000-7fcf98fc6000 rw-p 00000000 00:00 0                          [stack:7464]
7fcf98fc6000-7fcf98fc9000 ---p 00000000 00:00 0 
7fcf98fc9000-7fcf990c7000 rw-p 00000000 00:00 0                          [stack:7468]
7fcf990c7000-7fcf990ca000 ---p 00000000 00:00 0 
7fcf990ca000-7fcf991c8000 rw-p 00000000 00:00 0                          [stack:7469]
7fcf991c8000-7fcf991df000 r-xp 00000000 08:01 135621                     /lib/x86_64-linux-gnu/libresolv-2.19.so
7fcf991df000-7fcf993df000 ---p 00017000 08:01 135621                     /lib/x86_64-linux-gnu/libresolv-2.19.so
7fcf993df000-7fcf993e0000 r--p 00017000 08:01 135621                     /lib/x86_64-linux-gnu/libresolv-2.19.so
7fcf993e0000-7fcf993e1000 rw-p 00018000 08:01 135621                     /lib/x86_64-linux-gnu/libresolv-2.19.so
7fcf993e1000-7fcf993e3000 rw-p 00000000 00:00 0 
7fcf993e3000-7fcf993e8000 r-xp 00000000 08:01 135568                     /lib/x86_64-linux-gnu/libnss_dns-2.19.so
7fcf993e8000-7fcf995e7000 ---p 00005000 08:01 135568                     /lib/x86_64-linux-gnu/libnss_dns-2.19.so
7fcf995e7000-7fcf995e8000 r--p 00004000 08:01 135568                     /lib/x86_64-linux-gnu/libnss_dns-2.19.so
7fcf995e8000-7fcf995e9000 rw-p 00005000 08:01 135568                     /lib/x86_64-linux-gnu/libnss_dns-2.19.so
7fcf995e9000-7fcf995eb000 r-xp 00000000 08:01 135576                     /lib/x86_64-linux-gnu/libnss_mdns4_minimal.so.2
7fcf995eb000-7fcf997ea000 ---p 00002000 08:01 135576                     /lib/x86_64-linux-gnu/libnss_mdns4_minimal.so.2
7fcf997ea000-7fcf997eb000 r--p 00001000 08:01 135576                     /lib/x86_64-linux-gnu/libnss_mdns4_minimal.so.2
7fcf997eb000-7fcf997ec000 rw-p 00002000 08:01 135576                     /lib/x86_64-linux-gnu/libnss_mdns4_minimal.so.2
7fcf997ef000-7fcf997f2000 ---p 00000000 00:00 0 
7fcf997f2000-7fcf998f0000 rw-p 00000000 00:00 0                          [stack:7471]
7fcf998f0000-7fcf998f3000 ---p 00000000 00:00 0 
7fcf998f3000-7fcf999f1000 rw-p 00000000 00:00 0                          [stack:7470]
7fcf999f1000-7fcf999f4000 ---p 00000000 00:00 0 
7fcf999f4000-7fcf99af2000 rw-p 00000000 00:00 0                          [stack:7453]
7fcf99af2000-7fcf99af5000 ---p 00000000 00:00 0 
7fcf99af5000-7fcf99bf3000 rw-p 00000000 00:00 0                          [stack:7452]
7fcf99bf3000-7fcf99bf6000 ---p 00000000 00:00 0 
7fcf99bf6000-7fcf99cf4000 rw-p 00000000 00:00 0                          [stack:7451]
7fcf99cf4000-7fcf99cf7000 ---p 00000000 00:00 0 
7fcf99cf7000-7fcf99df5000 rw-p 00000000 00:00 0                          [stack:7450]
7fcf99df5000-7fcf99df8000 ---p 00000000 00:00 0 
7fcf99df8000-7fcf99ef6000 rw-p 00000000 00:00 0                          [stack:7449]
7fcf99ef6000-7fcf99ef9000 ---p 00000000 00:00 0 
7fcf99ef9000-7fcf99ff7000 rw-p 00000000 00:00 0                          [stack:7448]
7fcf99ff7000-7fcf99ffa000 ---p 00000000 00:00 0 
7fcf99ffa000-7fcf9a0f8000 rw-p 00000000 00:00 0                          [stack:7447]
7fcf9a0f8000-7fcf9a0fb000 ---p 00000000 00:00 0 
7fcf9a0fb000-7fcf9a1f9000 rw-p 00000000 00:00 0                          [stack:7446]
7fcf9a1f9000-7fcf9a1fc000 ---p 00000000 00:00 0 
7fcf9a1fc000-7fcf9a2fa000 rw-p 00000000 00:00 0                          [stack:7445]
7fcf9a2fa000-7fcf9a2fd000 ---p 00000000 00:00 0 
7fcf9a2fd000-7fcf9a3fb000 rw-p 00000000 00:00 0                          [stack:7444]
7fcf9a3fb000-7fcf9a3fe000 ---p 00000000 00:00 0 
7fcf9a3fe000-7fcf9a4fc000 rw-p 00000000 00:00 0                          [stack:7443]
7fcf9a4fc000-7fcf9a4ff000 ---p 00000000 00:00 0 
7fcf9a4ff000-7fcf9a5fd000 rw-p 00000000 00:00 0                          [stack:7512]
7fcf9a5fd000-7fcf9a600000 ---p 00000000 00:00 0 
7fcf9a600000-7fcf9a6fe000 rw-p 00000000 00:00 0                          [stack:7441]
7fcf9a6fe000-7fcf9a701000 ---p 00000000 00:00 0 
7fcf9a701000-7fcf9a7ff000 rw-p 00000000 00:00 0                          [stack:7500]
7fcf9a7ff000-7fcf9a802000 ---p 00000000 00:00 0 
7fcf9a802000-7fcf9a900000 rw-p 00000000 00:00 0                          [stack:7439]
7fcf9a900000-7fcf9a903000 ---p 00000000 00:00 0 
7fcf9a903000-7fcf9aa01000 rw-p 00000000 00:00 0                          [stack:7438]
7fcf9aa01000-7fcf9aa04000 ---p 00000000 00:00 0 
7fcf9aa04000-7fcf9ab02000 rw-p 00000000 00:00 0                          [stack:7437]
7fcf9ab02000-7fcf9ab05000 ---p 00000000 00:00 0 
7fcf9ab05000-7fcf9ac03000 rw-p 00000000 00:00 0                          [stack:7435]
7fcf9ac03000-7fcf9ac06000 ---p 00000000 00:00 0 
7fcf9ac06000-7fcf9ad04000 rw-p 00000000 00:00 0                          [stack:7434]
7fcf9ad04000-7fcf9ad07000 ---p 00000000 00:00 0 
7fcf9ad07000-7fcf9ae05000 rw-p 00000000 00:00 0                          [stack:7433]
7fcf9ae05000-7fcf9ae08000 ---p 00000000 00:00 0 
7fcf9ae08000-7fcf9af06000 rw-p 00000000 00:00 0                          [stack:7432]
7fcf9af06000-7fcf9af1c000 r-xp 00000000 08:01 135522                     /lib/x86_64-linux-gnu/libgcc_s.so.1
7fcf9af1c000-7fcf9b11b000 ---p 00016000 08:01 135522                     /lib/x86_64-linux-gnu/libgcc_s.so.1
7fcf9b11b000-7fcf9b11c000 rw-p 00015000 08:01 135522                     /lib/x86_64-linux-gnu/libgcc_s.so.1
7fcf9b12b000-7fcf9b12d000 rw-p 00000000 00:00 0 
7fcf9b12d000-7fcf9b131000 r--s 0002d000 08:01 154094                     /home/ubuntu/work/jdk1.7.0_60/jre/lib/ext/sunjce_provider.jar
7fcf9b131000-7fcf9b163000 r-xp 00000000 08:01 283824                     /home/ubuntu/work/jdk1.7.0_60/jre/lib/amd64/libsunec.so
7fcf9b163000-7fcf9b362000 ---p 00032000 08:01 283824                     /home/ubuntu/work/jdk1.7.0_60/jre/lib/amd64/libsunec.so
7fcf9b362000-7fcf9b368000 rw-p 00031000 08:01 283824                     /home/ubuntu/work/jdk1.7.0_60/jre/lib/amd64/libsunec.so
7fcf9b368000-7fcf9b378000 rw-p 00000000 00:00 0 
7fcf9b378000-7fcf9b379000 r--s 00003000 08:01 154093                     /home/ubuntu/work/jdk1.7.0_60/jre/lib/ext/sunec.jar
7fcf9b379000-7fcf9b37c000 r--s 00037000 08:01 154090                     /home/ubuntu/work/jdk1.7.0_60/jre/lib/ext/sunpkcs11.jar
7fcf9b37c000-7fcf9b37e000 r--s 00019000 08:01 154101                     /home/ubuntu/work/jdk1.7.0_60/jre/lib/jce.jar
7fcf9b37e000-7fcf9b37f000 r-xp 00000000 08:01 283846                     /home/ubuntu/work/jdk1.7.0_60/jre/lib/amd64/libjaas_unix.so
7fcf9b37f000-7fcf9b57e000 ---p 00001000 08:01 283846                     /home/ubuntu/work/jdk1.7.0_60/jre/lib/amd64/libjaas_unix.so
7fcf9b57e000-7fcf9b57f000 rw-p 00000000 08:01 283846                     /home/ubuntu/work/jdk1.7.0_60/jre/lib/amd64/libjaas_unix.so
7fcf9b57f000-7fcf9b587000 r-xp 00000000 08:01 283860                     /home/ubuntu/work/jdk1.7.0_60/jre/lib/amd64/libmanagement.so
7fcf9b587000-7fcf9b786000 ---p 00008000 08:01 283860                     /home/ubuntu/work/jdk1.7.0_60/jre/lib/amd64/libmanagement.so
7fcf9b786000-7fcf9b787000 rw-p 00007000 08:01 283860                     /home/ubuntu/work/jdk1.7.0_60/jre/lib/amd64/libmanagement.so
7fcf9b787000-7fcf9b78b000 r--s 0008a000 08:01 154164                     /home/ubuntu/work/jdk1.7.0_60/jre/lib/jsse.jar
7fcf9b78b000-7fcf9b7a1000 r-xp 00000000 08:01 283807                     /home/ubuntu/work/jdk1.7.0_60/jre/lib/amd64/libnet.so
7fcf9b7a1000-7fcf9b9a1000 ---p 00016000 08:01 283807                     /home/ubuntu/work/jdk1.7.0_60/jre/lib/amd64/libnet.so
7fcf9b9a1000-7fcf9b9a2000 rw-p 00016000 08:01 283807                     /home/ubuntu/work/jdk1.7.0_60/jre/lib/amd64/libnet.so
7fcf9b9a2000-7fcf9b9b2000 r-xp 00000000 08:01 283847                     /home/ubuntu/work/jdk1.7.0_60/jre/lib/amd64/libnio.so
7fcf9b9b2000-7fcf9bbb2000 ---p 00010000 08:01 283847                     /home/ubuntu/work/jdk1.7.0_60/jre/lib/amd64/libnio.so
7fcf9bbb2000-7fcf9bbb3000 rw-p 00010000 08:01 283847                     /home/ubuntu/work/jdk1.7.0_60/jre/lib/amd64/libnio.so
7fcf9bbb3000-7fcf9bbb5000 r--s 0001e000 08:01 199787                     /home/ubuntu/work/idea-IC-143.1821.5/lib/idea_rt.jar
7fcf9bbb5000-7fcf9bc0a000 r--s 0069c000 08:01 1072875                    /home/ubuntu/.ivy2/cache/org.spire-math/spire_2.11/jars/spire_2.11-0.7.4.jar
7fcf9bc0a000-7fcf9bc0c000 r--s 00014000 08:01 1072877                    /home/ubuntu/.ivy2/cache/org.spire-math/spire-macros_2.11/jars/spire-macros_2.11-0.7.4.jar
7fcf9bc0c000-7fcf9bcdc000 r--s 00cf0000 08:01 419969                     /home/ubuntu/.ivy2/cache/org.scalanlp/breeze_2.11/jars/breeze_2.11-0.12.jar
7fcf9bcdc000-7fcf9bce0000 r--s 00029000 08:01 419972                     /home/ubuntu/.ivy2/cache/org.scalanlp/breeze-macros_2.11/jars/breeze-macros_2.11-0.12.jar
7fcf9bce0000-7fcf9bceb000 r--s 00096000 08:01 16026                      /home/ubuntu/.ivy2/cache/org.scala-lang.modules/scala-xml_2.11/bundles/scala-xml_2.11-1.0.1.jar
7fcf9bceb000-7fcf9bcf6000 r--s 0005c000 08:01 16028                      /home/ubuntu/.ivy2/cache/org.scala-lang.modules/scala-parser-combinators_2.11/bundles/scala-parser-combinators_2.11-1.0.1.jar
7fcf9bcf6000-7fcf9bd08000 r--s 000ab000 08:01 423139                     /home/ubuntu/.ivy2/cache/org.scala-lang/scalap/jars/scalap-2.11.0.jar
7fcf9bd08000-7fcf9bd54000 r--s 00412000 08:01 421395                     /home/ubuntu/.ivy2/cache/org.scala-lang/scala-reflect/jars/scala-reflect-2.11.7.jar
7fcf9bd54000-7fcf9bdac000 r--s 00523000 08:01 669640                     /home/ubuntu/.ivy2/cache/org.scala-lang/scala-library/jars/scala-library-2.11.7.jar
7fcf9bdac000-7fcf9be9c000 r--s 00c16000 08:01 670682                     /home/ubuntu/.ivy2/cache/org.scala-lang/scala-compiler/jars/scala-compiler-2.11.0.jar
7fcf9be9c000-7fcf9be9e000 r--s 00009000 08:01 15968                      /home/ubuntu/.ivy2/cache/org.json4s/json4s-jackson_2.11/jars/json4s-jackson_2.11-3.2.10.jar
7fcf9be9e000-7fcf9bea8000 r--s 00083000 08:01 16022                      /home/ubuntu/.ivy2/cache/org.json4s/json4s-core_2.11/jars/json4s-core_2.11-3.2.10.jar
7fcf9bea8000-7fcf9beab000 r--s 00012000 08:01 16024                      /home/ubuntu/.ivy2/cache/org.json4s/json4s-ast_2.11/jars/json4s-ast_2.11-3.2.10.jar
7fcf9beab000-7fcf9beb3000 r--s 00099000 08:01 962350                     /home/ubuntu/.ivy2/cache/org.jpmml/pmml-model/jars/pmml-model-1.1.15.jar
7fcf9beb3000-7fcf9bee0000 r--s 001cf000 08:01 26344                      /home/ubuntu/.ivy2/cache/org.apache.spark/spark-streaming_2.11/jars/spark-streaming_2.11-1.6.1.jar
7fcf9bee0000-7fcf9bf2f000 r--s 00394000 08:01 26345                      /home/ubuntu/.ivy2/cache/org.apache.spark/spark-sql_2.11/jars/spark-sql_2.11-1.6.1.jar
7fcf9bf2f000-7fcf9c000000 r--s 009f7000 08:01 26338                      /home/ubuntu/.ivy2/cache/org.apache.spark/spark-core_2.11/jars/spark-core_2.11-1.6.1.jar
7fcf9c000000-7fcf9c021000 rw-p 00000000 00:00 0 
7fcf9c021000-7fcfa0000000 ---p 00000000 00:00 0 
7fcfa0000000-7fcfa006b000 rw-p 00000000 00:00 0 
7fcfa006b000-7fcfa4000000 ---p 00000000 00:00 0 
7fcfa4000000-7fcfa4bb4000 rw-p 00000000 00:00 0 
7fcfa4bb4000-7fcfa8000000 ---p 00000000 00:00 0 
7fcfa8000000-7fcfa946b000 rw-p 00000000 00:00 0 
7fcfa946b000-7fcfac000000 ---p 00000000 00:00 0 
7fcfac000000-7fcfac0c7000 rw-p 00000000 00:00 0 
7fcfac0c7000-7fcfb0000000 ---p 00000000 00:00 0 
7fcfb0000000-7fcfb003f000 rw-p 00000000 00:00 0 
7fcfb003f000-7fcfb4000000 ---p 00000000 00:00 0 
7fcfb4000000-7fcfb4021000 rw-p 00000000 00:00 0 
7fcfb4021000-7fcfb8000000 ---p 00000000 00:00 0 
7fcfb8000000-7fcfb82bf000 rw-p 00000000 00:00 0 
7fcfb82bf000-7fcfbc000000 ---p 00000000 00:00 0 
7fcfbc000000-7fcfbc021000 rw-p 00000000 00:00 0 
7fcfbc021000-7fcfc0000000 ---p 00000000 00:00 0 
7fcfc0000000-7fcfc00c7000 rw-p 00000000 00:00 0 
7fcfc00c7000-7fcfc4000000 ---p 00000000 00:00 0 
7fcfc4000000-7fcfc4021000 rw-p 00000000 00:00 0 
7fcfc4021000-7fcfc8000000 ---p 00000000 00:00 0 
7fcfc8000000-7fcfc8038000 rw-p 00000000 00:00 0 
7fcfc8038000-7fcfcc000000 ---p 00000000 00:00 0 
7fcfcc000000-7fcfcc021000 rw-p 00000000 00:00 0 
7fcfcc021000-7fcfd0000000 ---p 00000000 00:00 0 
7fcfd0000000-7fcfd0021000 rw-p 00000000 00:00 0 
7fcfd0021000-7fcfd4000000 ---p 00000000 00:00 0 
7fcfd4000000-7fcfd402a000 rw-p 00000000 00:00 0 
7fcfd402a000-7fcfd8000000 ---p 00000000 00:00 0 
7fcfd8000000-7fcfd8001000 r--s 00000000 08:01 419970                     /home/ubuntu/.ivy2/cache/org.scalanlp/breeze-natives_2.11/jars/breeze-natives_2.11-0.12.jar
7fcfd8001000-7fcfd8003000 r--s 00000000 08:01 962361                     /home/ubuntu/.ivy2/cache/org.jpmml/pmml-schema/jars/pmml-schema-1.1.15.jar
7fcfd8003000-7fcfd8004000 r--s 00001000 08:01 962360                     /home/ubuntu/.ivy2/cache/org.jpmml/pmml-agent/jars/pmml-agent-1.1.15.jar
7fcfd8004000-7fcfd800d000 r--s 0008d000 08:01 962353                     /home/ubuntu/.ivy2/cache/org.codehaus.janino/janino/jars/janino-2.7.8.jar
7fcfd800d000-7fcfd800f000 r--s 00006000 08:01 962354                     /home/ubuntu/.ivy2/cache/org.codehaus.janino/commons-compiler/jars/commons-compiler-2.7.8.jar
7fcfd800f000-7fcfd8011000 r--s 00008000 08:01 26343                      /home/ubuntu/.ivy2/cache/org.apache.spark/spark-unsafe_2.11/jars/spark-unsafe_2.11-1.6.1.jar
7fcfd8011000-7fcfd8013000 r--s 0000c000 08:01 26342                      /home/ubuntu/.ivy2/cache/org.apache.spark/spark-network-shuffle_2.11/jars/spark-network-shuffle_2.11-1.6.1.jar
7fcfd8013000-7fcfd8041000 r--s 00211000 08:01 26341                      /home/ubuntu/.ivy2/cache/org.apache.spark/spark-network-common_2.11/jars/spark-network-common_2.11-1.6.1.jar
7fcfd8041000-7fcfd80a0000 r--s 00473000 08:01 26339                      /home/ubuntu/.ivy2/cache/org.apache.spark/spark-mllib_2.11/jars/spark-mllib_2.11-1.6.1.jar
7fcfd80a0000-7fcfd80a2000 r--s 0000e000 08:01 26340                      /home/ubuntu/.ivy2/cache/org.apache.spark/spark-launcher_2.11/jars/spark-launcher_2.11-1.6.1.jar
7fcfd80a2000-7fcfd80af000 r--s 00096000 08:01 26346                      /home/ubuntu/.ivy2/cache/org.apache.spark/spark-graphx_2.11/jars/spark-graphx_2.11-1.6.1.jar
7fcfd80af000-7fcfd8117000 r--s 004aa000 08:01 26347                      /home/ubuntu/.ivy2/cache/org.apache.spark/spark-catalyst_2.11/jars/spark-catalyst_2.11-1.6.1.jar
7fcfd8117000-7fcfd812b000 r--s 000ec000 08:01 962359                     /home/ubuntu/.ivy2/cache/org.apache.parquet/parquet-jackson/jars/parquet-jackson-1.7.0.jar
7fcfd812b000-7fcfd8130000 r--s 0002f000 08:01 962352                     /home/ubuntu/.ivy2/cache/org.apache.parquet/parquet-hadoop/jars/parquet-hadoop-1.7.0.jar
7fcfd8130000-7fcfd8132000 r--s 00004000 08:01 962357                     /home/ubuntu/.ivy2/cache/org.apache.parquet/parquet-generator/jars/parquet-generator-1.7.0.jar
7fcfd8132000-7fcfd8139000 r--s 00058000 08:01 962358                     /home/ubuntu/.ivy2/cache/org.apache.parquet/parquet-format/jars/parquet-format-2.3.0-incubating.jar
7fcfd8139000-7fcfd813f000 r--s 00040000 08:01 962356                     /home/ubuntu/.ivy2/cache/org.apache.parquet/parquet-encoding/jars/parquet-encoding-1.7.0.jar
7fcfd813f000-7fcfd8141000 r--s 00004000 08:01 962355                     /home/ubuntu/.ivy2/cache/org.apache.parquet/parquet-common/jars/parquet-common-1.7.0.jar
7fcfd8141000-7fcfd8157000 r--s 000ca000 08:01 962351                     /home/ubuntu/.ivy2/cache/org.apache.parquet/parquet-column/jars/parquet-column-1.7.0.jar
7fcfd8157000-7fcfd8159000 r--s 0000b000 08:01 419829                     /home/ubuntu/.ivy2/cache/javax.xml.bind/jsr173_api/jars/jsr173_api-1.0.jar
7fcfd8159000-7fcfd815d000 r--s 00015000 08:01 419828                     /home/ubuntu/.ivy2/cache/javax.xml.bind/jaxb-api/jars/jaxb-api-2.2.7.jar
7fcfd815d000-7fcfd815f000 r--s 00010000 08:01 424373                     /home/ubuntu/.ivy2/cache/commons-codec/commons-codec/jars/commons-codec-1.5.jar
7fcfd815f000-7fcfd8160000 r--s 00003000 08:01 956410                     /home/ubuntu/.ivy2/cache/com.typesafe.akka/akka-slf4j_2.11/jars/akka-slf4j_2.11-2.3.11.jar
7fcfd8160000-7fcfd8175000 r--s 00132000 08:01 956409                     /home/ubuntu/.ivy2/cache/com.typesafe.akka/akka-remote_2.11/jars/akka-remote_2.11-2.3.11.jar
7fcfd8175000-7fcfd819c000 r--s 0025c000 08:01 956417                     /home/ubuntu/.ivy2/cache/com.typesafe.akka/akka-actor_2.11/jars/akka-actor_2.11-2.3.11.jar
7fcfd819c000-7fcfd81a1000 r--s 00031000 08:01 15958                      /home/ubuntu/.ivy2/cache/com.twitter/chill_2.11/jars/chill_2.11-0.5.0.jar
7fcfd81a1000-7fcfd81a6000 r--s 00043000 08:01 962362                     /home/ubuntu/.ivy2/cache/com.sun.xml.fastinfoset/FastInfoset/jars/FastInfoset-1.2.12.jar
7fcfd81a6000-7fcfd81b7000 r--s 000d0000 08:01 419826                     /home/ubuntu/.ivy2/cache/com.sun.xml.bind/jaxb-impl/jars/jaxb-impl-2.2.7.jar
7fcfd81b7000-7fcfd81bd000 r--s 00031000 08:01 419827                     /home/ubuntu/.ivy2/cache/com.sun.xml.bind/jaxb-core/jars/jaxb-core-2.2.7.jar
7fcfd81bd000-7fcfd81be000 r--s 00005000 08:01 962363                     /home/ubuntu/.ivy2/cache/com.sun.istack/istack-commons-runtime/jars/istack-commons-runtime-2.16.jar
7fcfd81be000-7fcfd81ce000 r--s 00074000 08:01 15978                      /home/ubuntu/.ivy2/cache/com.fasterxml.jackson.module/jackson-module-scala_2.11/bundles/jackson-module-scala_2.11-2.4.4.jar
7fcfd81ce000-7fcfd81fa000 r--s 001c9000 08:01 959017                     /home/ubuntu/.ivy2/cache/com.chuusai/shapeless_2.11/bundles/shapeless_2.11-2.0.0.jar
7fcfd81fa000-7fcfd820c000 r--s 00112000 08:01 949707                     /home/ubuntu/.ivy2/cache/net.sourceforge.f2j/arpack_combined_all/jars/arpack_combined_all-0.1.jar
7fcfd820c000-7fcfd8236000 r--s 0058a000 08:01 949708                     /home/ubuntu/.ivy2/cache/net.sourceforge.f2j/arpack_combined_all/jars/arpack_combined_all-0.1-javadoc.jar
7fcfd8236000-7fcfd8237000 r--s 00004000 08:01 949709                     /home/ubuntu/.ivy2/cache/net.sf.opencsv/opencsv/jars/opencsv-2.3.jar
7fcfd8237000-7fcfd823d000 r--s 00034000 08:01 963371                     /home/ubuntu/.ivy2/cache/junit/junit/jars/junit-4.8.2.jar
7fcfd823d000-7fcfd8248000 r--s 000b0000 08:01 949710                     /home/ubuntu/.ivy2/cache/com.github.rwl/jtransforms/jars/jtransforms-2.4.0.jar
7fcfd8248000-7fcfd8249000 r--s 0009b000 08:01 669311                     /home/ubuntu/.ivy2/cache/com.github.fommil.netlib/netlib-native_system-win-x86_64/jars/netlib-native_system-win-x86_64-1.1-natives.jar
7fcfd8249000-7fcfd824b000 r--s 00088000 08:01 669312                     /home/ubuntu/.ivy2/cache/com.github.fommil.netlib/netlib-native_system-win-i686/jars/netlib-native_system-win-i686-1.1-natives.jar
7fcfd824b000-7fcfd824c000 r--s 00087000 08:01 669307                     /home/ubuntu/.ivy2/cache/com.github.fommil.netlib/netlib-native_system-osx-x86_64/jars/netlib-native_system-osx-x86_64-1.1-natives.jar
7fcfd824c000-7fcfd824d000 r--s 0006f000 08:01 669308                     /home/ubuntu/.ivy2/cache/com.github.fommil.netlib/netlib-native_system-linux-x86_64/jars/netlib-native_system-linux-x86_64-1.1-natives.jar
7fcfd824d000-7fcfd824e000 r--s 0006a000 08:01 669309                     /home/ubuntu/.ivy2/cache/com.github.fommil.netlib/netlib-native_system-linux-i686/jars/netlib-native_system-linux-i686-1.1-natives.jar
7fcfd824e000-7fcfd824f000 r--s 0004b000 08:01 669310                     /home/ubuntu/.ivy2/cache/com.github.fommil.netlib/netlib-native_system-linux-armhf/jars/netlib-native_system-linux-armhf-1.1-natives.jar
7fcfd824f000-7fcfd8250000 r--s 00232000 08:01 669304                     /home/ubuntu/.ivy2/cache/com.github.fommil.netlib/netlib-native_ref-win-x86_64/jars/netlib-native_ref-win-x86_64-1.1-natives.jar
7fcfd8250000-7fcfd8251000 r--s 001bd000 08:01 669305                     /home/ubuntu/.ivy2/cache/com.github.fommil.netlib/netlib-native_ref-win-i686/jars/netlib-native_ref-win-i686-1.1-natives.jar
7fcfd8251000-7fcfd8253000 r--s 001c0000 08:01 669301                     /home/ubuntu/.ivy2/cache/com.github.fommil.netlib/netlib-native_ref-osx-x86_64/jars/netlib-native_ref-osx-x86_64-1.1-natives.jar
7fcfd8253000-7fcfd8255000 r--s 001aa000 08:01 669302                     /home/ubuntu/.ivy2/cache/com.github.fommil.netlib/netlib-native_ref-linux-x86_64/jars/netlib-native_ref-linux-x86_64-1.1-natives.jar
7fcfd8255000-7fcfd8256000 r--s 0016b000 08:01 669303                     /home/ubuntu/.ivy2/cache/com.github.fommil.netlib/netlib-native_ref-linux-i686/jars/netlib-native_ref-linux-i686-1.1-natives.jar
7fcfd8256000-7fcfd8257000 r--s 00126000 08:01 669306                     /home/ubuntu/.ivy2/cache/com.github.fommil.netlib/netlib-native_ref-linux-armhf/jars/netlib-native_ref-linux-armhf-1.1-natives.jar
7fcfd8257000-7fcfd8258000 r--s 0000d000 08:01 669314                     /home/ubuntu/.ivy2/cache/com.github.fommil.netlib/native_system-java/jars/native_system-java-1.1.jar
7fcfd8258000-7fcfd8259000 r--s 0000d000 08:01 669313                     /home/ubuntu/.ivy2/cache/com.github.fommil.netlib/native_ref-java/jars/native_ref-java-1.1.jar
7fcfd8259000-7fcfd825b000 r--s 00027000 08:01 671380                     /home/ubuntu/.ivy2/cache/com.github.fommil.netlib/core/jars/core-1.1.2.jar
7fcfd825b000-7fcfd825d000 r--s 00001000 08:01 959022                     /home/ubuntu/.ivy2/cache/com.github.fommil/jniloader/jars/jniloader-1.1.jar
7fcfd825d000-7fcfd825e000 r--s 00003000 08:01 949317                     /home/ubuntu/.ivy2/cache/xmlenc/xmlenc/jars/xmlenc-0.52.jar
7fcfd825e000-7fcfd8260000 r--s 00005000 08:01 1071920                    /home/ubuntu/.ivy2/cache/stax/stax-api/jars/stax-api-1.0.1.jar
7fcfd8260000-7fcfd8262000 r--s 0000e000 08:01 949322                     /home/ubuntu/.ivy2/cache/oro/oro/jars/oro-2.0.8.jar
7fcfd8262000-7fcfd8265000 r--s 000aa000 08:01 963282                     /home/ubuntu/.ivy2/cache/org.xerial.snappy/snappy-java/bundles/snappy-java-1.1.2.jar
7fcfd8265000-7fcfd8267000 r--s 0000a000 08:01 949337                     /home/ubuntu/.ivy2/cache/org.uncommons.maths/uncommons-maths/jars/uncommons-maths-1.2.2a.jar
7fcfd8267000-7fcfd826b000 r--s 00014000 08:01 1071725                    /home/ubuntu/.ivy2/cache/org.tukaani/xz/jars/xz-1.0.jar
7fcfd826b000-7fcfd8274000 r--s 00073000 08:01 419943                     /home/ubuntu/.ivy2/cache/org.tachyonproject/tachyon-underfs-s3/jars/tachyon-underfs-s3-0.8.2.jar
7fcfd8274000-7fcfd8275000 r--s 00001000 08:01 419944                     /home/ubuntu/.ivy2/cache/org.tachyonproject/tachyon-underfs-local/jars/tachyon-underfs-local-0.8.2.jar
7fcfd8275000-7fcfd8276000 r--s 00002000 08:01 419942                     /home/ubuntu/.ivy2/cache/org.tachyonproject/tachyon-underfs-hdfs/jars/tachyon-underfs-hdfs-0.8.2.jar
7fcfd8276000-7fcfd82a0000 r--s 00206000 08:01 419940                     /home/ubuntu/.ivy2/cache/org.tachyonproject/tachyon-client/jars/tachyon-client-0.8.2.jar
7fcfd82a0000-7fcfd82a1000 r--s 00000000 08:01 948879                     /home/ubuntu/.ivy2/cache/org.spark-project.spark/unused/jars/unused-1.0.0.jar
7fcfd82a1000-7fcfd82a8000 r--s 0003e000 08:01 16016                      /home/ubuntu/.ivy2/cache/org.sonatype.sisu.inject/cglib/jars/cglib-2.2.1-v20090111.jar
7fcfd82a8000-7fcfd82aa000 r--s 00001000 08:01 949949                     /home/ubuntu/.ivy2/cache/org.slf4j/slf4j-log4j12/jars/slf4j-log4j12-1.7.10.jar
7fcfd82aa000-7fcfd82ac000 r--s 00005000 08:01 1098849                    /home/ubuntu/.ivy2/cache/org.slf4j/slf4j-api/jars/slf4j-api-1.7.2.jar
7fcfd82ac000-7fcfd82ae000 r--s 00000000 08:01 423137                     /home/ubuntu/.ivy2/cache/org.slf4j/jul-to-slf4j/jars/jul-to-slf4j-1.7.10.jar
7fcfd82ae000-7fcfd82b0000 r--s 00003000 08:01 1071966                    /home/ubuntu/.ivy2/cache/org.slf4j/jcl-over-slf4j/jars/jcl-over-slf4j-1.7.10.jar
7fcfd82b0000-7fcfd82b3000 r--s 0002f000 08:01 963283                     /home/ubuntu/.ivy2/cache/org.roaringbitmap/RoaringBitmap/bundles/RoaringBitmap-0.5.11.jar
7fcfd82b3000-7fcfd82b5000 r--s 00007000 08:01 949315                     /home/ubuntu/.ivy2/cache/org.objenesis/objenesis/jars/objenesis-1.2.jar
7fcfd82b5000-7fcfd82b9000 r--s 00028000 08:01 948996                     /home/ubuntu/.ivy2/cache/org.mortbay.jetty/jetty-util/jars/jetty-util-6.1.26.jar
7fcfd82b9000-7fcfd82bc000 r--s 000fd000 08:01 963285                     /home/ubuntu/.ivy2/cache/org.fusesource.leveldbjni/leveldbjni-all/bundles/leveldbjni-all-1.8.jar
7fcfd82bc000-7fcfd82bf000 r--s 0002e000 08:01 949331                     /home/ubuntu/.ivy2/cache/org.eclipse.jetty.orbit/javax.servlet/orbits/javax.servlet-3.0.0.v201112011016.jar
7fcfd82bf000-7fcfd82c1000 r--s 0000f000 08:01 424536                     /home/ubuntu/.ivy2/cache/org.codehaus.jettison/jettison/bundles/jettison-1.1.jar
7fcfd82c1000-7fcfd82c2000 r--s 00007000 08:01 1071967                    /home/ubuntu/.ivy2/cache/org.codehaus.jackson/jackson-xc/jars/jackson-xc-1.8.8.jar
7fcfd82c2000-7fcfd82d0000 r--s 000b1000 08:01 798813                     /home/ubuntu/.ivy2/cache/org.codehaus.jackson/jackson-mapper-asl/jars/jackson-mapper-asl-1.9.13.jar
7fcfd82d0000-7fcfd82d1000 r--s 00004000 08:01 1071886                    /home/ubuntu/.ivy2/cache/org.codehaus.jackson/jackson-jaxrs/jars/jackson-jaxrs-1.8.8.jar
7fcfd82d1000-7fcfd82d5000 r--s 00035000 08:01 798812                     /home/ubuntu/.ivy2/cache/org.codehaus.jackson/jackson-core-asl/jars/jackson-core-asl-1.9.13.jar
7fcfd82d5000-7fcfd82e1000 r--s 000b3000 08:01 949328                     /home/ubuntu/.ivy2/cache/org.apache.zookeeper/zookeeper/jars/zookeeper-3.4.5.jar
7fcfd82e1000-7fcfd82e4000 r--s 00021000 08:01 963281                     /home/ubuntu/.ivy2/cache/org.apache.xbean/xbean-asm5-shaded/bundles/xbean-asm5-shaded-4.4.jar
7fcfd82e4000-7fcfd82f2000 r--s 0012a000 08:01 956411                     /home/ubuntu/.ivy2/cache/org.apache.mesos/mesos/jars/mesos-0.21.1-shaded-protobuf.jar
7fcfd82f2000-7fcfd8308000 r--s 00124000 08:01 15980                      /home/ubuntu/.ivy2/cache/org.apache.ivy/ivy/jars/ivy-2.4.0.jar
7fcfd8308000-7fcfd830c000 r--s 00027000 08:01 16006                      /home/ubuntu/.ivy2/cache/org.apache.hadoop/hadoop-yarn-server-common/jars/hadoop-yarn-server-common-2.2.0.jar
7fcfd830c000-7fcfd831e000 r--s 0012c000 08:01 16002                      /home/ubuntu/.ivy2/cache/org.apache.hadoop/hadoop-yarn-common/jars/hadoop-yarn-common-2.2.0.jar
7fcfd831e000-7fcfd8321000 r--s 00015000 08:01 16004                      /home/ubuntu/.ivy2/cache/org.apache.hadoop/hadoop-yarn-client/jars/hadoop-yarn-client-2.2.0.jar
7fcfd8321000-7fcfd8332000 r--s 0010a000 08:01 15988                      /home/ubuntu/.ivy2/cache/org.apache.hadoop/hadoop-yarn-api/jars/hadoop-yarn-api-2.2.0.jar
7fcfd8332000-7fcfd8334000 r--s 00004000 08:01 16000                      /home/ubuntu/.ivy2/cache/org.apache.hadoop/hadoop-mapreduce-client-shuffle/jars/hadoop-mapreduce-client-shuffle-2.2.0.jar
7fcfd8334000-7fcfd8335000 r--s 00008000 08:01 15992                      /home/ubuntu/.ivy2/cache/org.apache.hadoop/hadoop-mapreduce-client-jobclient/jars/hadoop-mapreduce-client-jobclient-2.2.0.jar
7fcfd8335000-7fcfd834d000 r--s 0014c000 08:01 15990                      /home/ubuntu/.ivy2/cache/org.apache.hadoop/hadoop-mapreduce-client-core/jars/hadoop-mapreduce-client-core-2.2.0.jar
7fcfd834d000-7fcfd8359000 r--s 00095000 08:01 15998                      /home/ubuntu/.ivy2/cache/org.apache.hadoop/hadoop-mapreduce-client-common/jars/hadoop-mapreduce-client-common-2.2.0.jar
7fcfd8359000-7fcfd8362000 r--s 0006d000 08:01 15986                      /home/ubuntu/.ivy2/cache/org.apache.hadoop/hadoop-mapreduce-client-app/jars/hadoop-mapreduce-client-app-2.2.0.jar
7fcfd8362000-7fcfd83a7000 r--s 004bb000 08:01 15984                      /home/ubuntu/.ivy2/cache/org.apache.hadoop/hadoop-hdfs/jars/hadoop-hdfs-2.2.0.jar
7fcfd83a7000-7fcfd83d2000 r--s 00271000 08:01 15982                      /home/ubuntu/.ivy2/cache/org.apache.hadoop/hadoop-common/jars/hadoop-common-2.2.0.jar
7fcfd83d2000-7fcfd83d3000 r--s 00000000 08:01 949948                     /home/ubuntu/.ivy2/cache/org.apache.hadoop/hadoop-client/jars/hadoop-client-2.2.0.jar
7fcfd83d3000-7fcfd83d5000 r--s 0000b000 08:01 15996                      /home/ubuntu/.ivy2/cache/org.apache.hadoop/hadoop-auth/jars/hadoop-auth-2.2.0.jar
7fcfd83d5000-7fcfd83d7000 r--s 00003000 08:01 15994                      /home/ubuntu/.ivy2/cache/org.apache.hadoop/hadoop-annotations/jars/hadoop-annotations-2.2.0.jar
7fcfd83d7000-7fcfd83dd000 r--s 00035000 08:01 949300                     /home/ubuntu/.ivy2/cache/org.apache.curator/curator-recipes/bundles/curator-recipes-2.4.0.jar
7fcfd83dd000-7fcfd83e2000 r--s 00027000 08:01 949327                     /home/ubuntu/.ivy2/cache/org.apache.curator/curator-framework/bundles/curator-framework-2.4.0.jar
7fcfd83e2000-7fcfd83e5000 r--s 0000e000 08:01 949329                     /home/ubuntu/.ivy2/cache/org.apache.curator/curator-client/bundles/curator-client-2.4.0.jar
7fcfd83e5000-7fcfd8409000 r--s 001cd000 08:01 1098847                    /home/ubuntu/.ivy2/cache/org.apache.commons/commons-math3/jars/commons-math3-3.4.1.jar
7fcfd8409000-7fcfd841a000 r--s 000bb000 08:01 949318                     /home/ubuntu/.ivy2/cache/org.apache.commons/commons-math/jars/commons-math-2.1.jar
7fcfd841a000-7fcfd841f000 r--s 00046000 08:01 956418                     /home/ubuntu/.ivy2/cache/org.apache.commons/commons-lang3/jars/commons-lang3-3.0.jar
7fcfd841f000-7fcfd8424000 r--s 00036000 08:01 948677                     /home/ubuntu/.ivy2/cache/org.apache.commons/commons-compress/jars/commons-compress-1.4.1.jar
7fcfd8424000-7fcfd8429000 r--s 00028000 08:01 956405                     /home/ubuntu/.ivy2/cache/org.apache.avro/avro-mapred/jars/avro-mapred-1.7.7-hadoop2.jar
7fcfd8429000-7fcfd8430000 r--s 0004e000 08:01 956414                     /home/ubuntu/.ivy2/cache/org.apache.avro/avro-ipc/jars/avro-ipc-1.7.7-tests.jar
7fcfd8430000-7fcfd8434000 r--s 0002c000 08:01 956415                     /home/ubuntu/.ivy2/cache/org.apache.avro/avro-ipc/jars/avro-ipc-1.7.7.jar
7fcfd8434000-7fcfd843d000 r--s 00062000 08:01 956431                     /home/ubuntu/.ivy2/cache/org.apache.avro/avro/jars/avro-1.7.7.jar
7fcfd843d000-7fcfd843f000 r--s 00013000 08:01 419941                     /home/ubuntu/.ivy2/cache/net.sf.py4j/py4j/jars/py4j-0.9.jar
7fcfd843f000-7fcfd8441000 r--s 00015000 08:01 963284                     /home/ubuntu/.ivy2/cache/net.razorvine/pyrolite/jars/pyrolite-4.9.jar
7fcfd8441000-7fcfd8443000 r--s 00038000 08:01 956408                     /home/ubuntu/.ivy2/cache/net.jpountz.lz4/lz4/jars/lz4-1.3.0.jar
7fcfd8443000-7fcfd8449000 r--s 00057000 08:01 949299                     /home/ubuntu/.ivy2/cache/net.java.dev.jets3t/jets3t/jars/jets3t-0.7.1.jar
7fcfd8449000-7fcfd8452000 r--s 0006f000 08:01 948882                     /home/ubuntu/.ivy2/cache/log4j/log4j/bundles/log4j-1.2.17.jar
7fcfd8452000-7fcfd8454000 r--s 00014000 08:01 424187                     /home/ubuntu/.ivy2/cache/jline/jline/jars/jline-0.9.94.jar
7fcfd8454000-7fcfd8455000 r--s 00000000 08:01 16014                      /home/ubuntu/.ivy2/cache/javax.inject/javax.inject/jars/javax.inject-1.jar
7fcfd8455000-7fcfd8477000 r--s 001d4000 08:01 956412                     /home/ubuntu/.ivy2/cache/io.netty/netty-all/jars/netty-all-4.0.29.Final.jar
7fcfd8477000-7fcfd848f000 r--s 00115000 08:01 949335                     /home/ubuntu/.ivy2/cache/io.netty/netty/bundles/netty-3.8.0.Final.jar
7fcfd848f000-7fcfd8491000 r--s 00008000 08:01 18251                      /home/ubuntu/.ivy2/cache/io.dropwizard.metrics/metrics-jvm/bundles/metrics-jvm-3.1.2.jar
7fcfd8491000-7fcfd8492000 r--s 00003000 08:01 18252                      /home/ubuntu/.ivy2/cache/io.dropwizard.metrics/metrics-json/bundles/metrics-json-3.1.2.jar
7fcfd8492000-7fcfd8494000 r--s 00004000 08:01 18253                      /home/ubuntu/.ivy2/cache/io.dropwizard.metrics/metrics-graphite/bundles/metrics-graphite-3.1.2.jar
7fcfd8494000-7fcfd8498000 r--s 00018000 08:01 18250                      /home/ubuntu/.ivy2/cache/io.dropwizard.metrics/metrics-core/bundles/metrics-core-3.1.2.jar
7fcfd8498000-7fcfd849c000 r--s 00030000 08:01 949307                     /home/ubuntu/.ivy2/cache/commons-net/commons-net/jars/commons-net-2.2.jar
7fcfd849c000-7fcfd84a1000 r--s 0002a000 08:01 424186                     /home/ubuntu/.ivy2/cache/commons-beanutils/commons-beanutils/jars/commons-beanutils-1.7.0.jar
7fcfd84a1000-7fcfd84a6000 r--s 00040000 08:01 949952                     /home/ubuntu/.ivy2/cache/commons-lang/commons-lang/jars/commons-lang-2.5.jar
7fcfd84a6000-7fcfd84aa000 r--s 0002a000 08:01 424198                     /home/ubuntu/.ivy2/cache/commons-io/commons-io/jars/commons-io-2.4.jar
7fcfd84aa000-7fcfd84b0000 r--s 00045000 08:01 949326                     /home/ubuntu/.ivy2/cache/commons-httpclient/commons-httpclient/jars/commons-httpclient-3.1.jar
7fcfd84b0000-7fcfd84b4000 r--s 00020000 08:01 949324                     /home/ubuntu/.ivy2/cache/commons-digester/commons-digester/jars/commons-digester-1.8.jar
7fcfd84b4000-7fcfd84ba000 r--s 00043000 08:01 949319                     /home/ubuntu/.ivy2/cache/commons-configuration/commons-configuration/jars/commons-configuration-1.6.jar
7fcfd84ba000-7fcfd84c8000 r--s 0007f000 08:01 948680                     /home/ubuntu/.ivy2/cache/commons-collections/commons-collections/jars/commons-collections-3.2.1.jar
7fcfd84c8000-7fcfd84ca000 r--s 00009000 08:01 948538                     /home/ubuntu/.ivy2/cache/commons-cli/commons-cli/jars/commons-cli-1.2.jar
7fcfd84ca000-7fcfd84ce000 r--s 0002f000 08:01 949325                     /home/ubuntu/.ivy2/cache/commons-beanutils/commons-beanutils-core/jars/commons-beanutils-core-1.8.0.jar
7fcfd84ce000-7fcfd84d2000 r--s 00032000 08:01 799013                     /home/ubuntu/.ivy2/cache/com.typesafe/config/bundles/config-1.2.1.jar
7fcfd84d2000-7fcfd84d4000 r--s 0000a000 08:01 949297                     /home/ubuntu/.ivy2/cache/com.twitter/chill-java/jars/chill-java-0.5.0.jar
7fcfd84d4000-7fcfd84d6000 r--s 00007000 08:01 799014                     /home/ubuntu/.ivy2/cache/com.thoughtworks.paranamer/paranamer/jars/paranamer-2.6.jar
7fcfd84d6000-7fcfd84e8000 r--s 0009d000 08:01 1071528                    /home/ubuntu/.ivy2/cache/com.sun.jersey/jersey-server/bundles/jersey-server-1.9.jar
7fcfd84e8000-7fcfd84ec000 r--s 00021000 08:01 423138                     /home/ubuntu/.ivy2/cache/com.sun.jersey/jersey-json/bundles/jersey-json-1.9.jar
7fcfd84ec000-7fcfd8515000 r--s 001ee000 08:01 948888                     /home/ubuntu/.ivy2/cache/com.google.guava/guava/bundles/guava-14.0.1.jar
7fcfd8515000-7fcfd8518000 r--s 00006000 08:01 1071824                    /home/ubuntu/.ivy2/cache/com.google.code.findbugs/jsr305/jars/jsr305-1.3.9.jar
7fcfd8518000-7fcfd851a000 r--s 00002000 08:01 16010                      /home/ubuntu/.ivy2/cache/com.sun.jersey.jersey-test-framework/jersey-test-framework-grizzly2/jars/jersey-test-framework-grizzly2-1.9.jar
7fcfd851a000-7fcfd851b000 r--s 00003000 08:01 16012                      /home/ubuntu/.ivy2/cache/com.sun.jersey.contribs/jersey-guice/jars/jersey-guice-1.9.jar
7fcfd851b000-7fcfd8525000 r--s 00066000 08:01 1098848                    /home/ubuntu/.ivy2/cache/com.sun.jersey/jersey-core/bundles/jersey-core-1.9.jar
7fcfd8525000-7fcfd8527000 r--s 00012000 08:01 956406                     /home/ubuntu/.ivy2/cache/com.ning/compress-lzf/bundles/compress-lzf-1.0.3.jar
7fcfd8527000-7fcfd852f000 r--s 0007b000 08:01 949858                     /home/ubuntu/.ivy2/cache/com.google.protobuf/protobuf-java/bundles/protobuf-java-2.5.0.jar
7fcfd852f000-7fcfd853e000 r--s 0009f000 08:01 16008                      /home/ubuntu/.ivy2/cache/com.google.inject/guice/jars/guice-3.0.jar
7fcfd853e000-7fcfd854f000 r--s 000f6000 08:01 949951                     /home/ubuntu/.ivy2/cache/com.fasterxml.jackson.core/jackson-databind/bundles/jackson-databind-2.4.4.jar
7fcfd854f000-7fcfd8553000 r--s 00034000 08:01 949955                     /home/ubuntu/.ivy2/cache/com.fasterxml.jackson.core/jackson-core/bundles/jackson-core-2.4.4.jar
7fcfd8553000-7fcfd8556000 r--s 00007000 08:01 949956                     /home/ubuntu/.ivy2/cache/com.fasterxml.jackson.core/jackson-annotations/bundles/jackson-annotations-2.4.4.jar
7fcfd8556000-7fcfd8558000 r--s 0000f000 08:01 949313                     /home/ubuntu/.ivy2/cache/com.esotericsoftware.reflectasm/reflectasm/jars/reflectasm-1.07-shaded.jar
7fcfd8558000-7fcfd855a000 r--s 00000000 08:01 949314                     /home/ubuntu/.ivy2/cache/com.esotericsoftware.minlog/minlog/jars/minlog-1.2.jar
7fcfd855a000-7fcfd8560000 r--s 00053000 08:01 949312                     /home/ubuntu/.ivy2/cache/com.esotericsoftware.kryo/kryo/bundles/kryo-2.21.jar
7fcfd8560000-7fcfd8563000 r--s 00028000 08:01 1071828                    /home/ubuntu/.ivy2/cache/com.clearspring.analytics/stream/jars/stream-2.7.0.jar
7fcfd8563000-7fcfd8564000 r--s 0000a000 08:01 949954                     /home/ubuntu/.ivy2/cache/asm/asm/jars/asm-3.2.jar
7fcfd8564000-7fcfd856d000 r--s 00251000 08:01 154118                     /home/ubuntu/work/jdk1.7.0_60/jre/lib/resources.jar
7fcfd856d000-7fcfd8580000 r--s 000d4000 08:01 154114                     /home/ubuntu/work/jdk1.7.0_60/jre/lib/plugin.jar
7fcfd8580000-7fcfd860f000 r--s 00de4000 08:01 154163                     /home/ubuntu/work/jdk1.7.0_60/jre/lib/jfxrt.jar
7fcfd860f000-7fcfd8628000 r--s 001df000 08:01 154085                     /home/ubuntu/work/jdk1.7.0_60/jre/lib/deploy.jar
7fcfd8628000-7fcfd8629000 ---p 00000000 00:00 0 
7fcfd8629000-7fcfd8729000 rw-p 00000000 00:00 0                          [stack:7413]
7fcfd8729000-7fcfd872c000 ---p 00000000 00:00 0 
7fcfd872c000-7fcfd882a000 rw-p 00000000 00:00 0                          [stack:7412]
7fcfd882a000-7fcfd882d000 ---p 00000000 00:00 0 
7fcfd882d000-7fcfd892b000 rw-p 00000000 00:00 0                          [stack:7411]
7fcfd892b000-7fcfd892e000 ---p 00000000 00:00 0 
7fcfd892e000-7fcfd8a2c000 rw-p 00000000 00:00 0                          [stack:7410]
7fcfd8a2c000-7fcfd8a2f000 ---p 00000000 00:00 0 
7fcfd8a2f000-7fcfd8b2d000 rw-p 00000000 00:00 0                          [stack:7409]
7fcfd8b2d000-7fcfd8b30000 ---p 00000000 00:00 0 
7fcfd8b30000-7fcfd8c2e000 rw-p 00000000 00:00 0                          [stack:7408]
7fcfd8c2e000-7fcfd8c31000 ---p 00000000 00:00 0 
7fcfd8c31000-7fcfd8d2f000 rw-p 00000000 00:00 0                          [stack:7406]
7fcfd8d2f000-7fcfd8d33000 r-xp 00000000 08:01 283854                     /home/ubuntu/work/jdk1.7.0_60/jre/lib/amd64/libdt_socket.so
7fcfd8d33000-7fcfd8f32000 ---p 00004000 08:01 283854                     /home/ubuntu/work/jdk1.7.0_60/jre/lib/amd64/libdt_socket.so
7fcfd8f32000-7fcfd8f33000 rw-p 00003000 08:01 283854                     /home/ubuntu/work/jdk1.7.0_60/jre/lib/amd64/libdt_socket.so
7fcfd8f33000-7fcfd8f36000 ---p 00000000 00:00 0 
7fcfd8f36000-7fcfd9034000 rw-p 00000000 00:00 0                          [stack:7404]
7fcfd9034000-7fcfd9037000 ---p 00000000 00:00 0 
7fcfd9037000-7fcfd9135000 rw-p 00000000 00:00 0                          [stack:7402]
7fcfd9135000-7fcfd9138000 ---p 00000000 00:00 0 
7fcfd9138000-7fcfd9236000 rw-p 00000000 00:00 0                          [stack:7401]
7fcfd9236000-7fcfd9237000 ---p 00000000 00:00 0 
7fcfd9237000-7fcfdd000000 rw-p 00000000 00:00 0                          [stack:7399]
7fcfdd000000-7fcfdd330000 rwxp 00000000 00:00 0 
7fcfdd330000-7fcfe1403000 rw-p 00000000 00:00 0 
7fcfe1403000-7fcfe4000000 ---p 00000000 00:00 0 
7fcfe4000000-7fcfe4002000 r--s 00000000 08:01 949477                     /home/ubuntu/.ivy2/cache/aopalliance/aopalliance/jars/aopalliance-1.0.jar
7fcfe4002000-7fcfe4003000 r--s 00000000 08:01 154111                     /home/ubuntu/work/jdk1.7.0_60/jre/lib/management-agent.jar
7fcfe4003000-7fcfe4007000 r--s 0008a000 08:01 154164                     /home/ubuntu/work/jdk1.7.0_60/jre/lib/jsse.jar
7fcfe4007000-7fcfe400c000 r--s 0007d000 08:01 154153                     /home/ubuntu/work/jdk1.7.0_60/jre/lib/jfr.jar
7fcfe400c000-7fcfe4015000 r--s 00067000 08:01 154117                     /home/ubuntu/work/jdk1.7.0_60/jre/lib/javaws.jar
7fcfe4015000-7fcfe47eb000 rw-p 00000000 00:00 0 
7fcfe47eb000-7fcfe49aa000 r--s 039e2000 08:01 154151                     /home/ubuntu/work/jdk1.7.0_60/jre/lib/rt.jar
7fcfe49aa000-7fcfe4ded000 rw-p 00000000 00:00 0 
7fcfe4ded000-7fcfe4dee000 ---p 00000000 00:00 0 
7fcfe4dee000-7fcfe4eee000 rw-p 00000000 00:00 0                          [stack:7398]
7fcfe4eee000-7fcfe4eef000 ---p 00000000 00:00 0 
7fcfe4eef000-7fcfe4fef000 rw-p 00000000 00:00 0                          [stack:7397]
7fcfe4fef000-7fcfe4ff0000 ---p 00000000 00:00 0 
7fcfe4ff0000-7fcfe50f0000 rw-p 00000000 00:00 0                          [stack:7396]
7fcfe50f0000-7fcfe50f1000 ---p 00000000 00:00 0 
7fcfe50f1000-7fcfe520e000 rw-p 00000000 00:00 0                          [stack:7395]
7fcfe520e000-7fcfe521a000 rw-p 00000000 00:00 0 
7fcfe521a000-7fcfe523c000 rw-p 00000000 00:00 0 
7fcfe523c000-7fcfe5430000 rw-p 00000000 00:00 0 
7fcfe5430000-7fcfe544d000 rw-p 00000000 00:00 0 
7fcfe544d000-7fcfe5459000 rw-p 00000000 00:00 0 
7fcfe5459000-7fcfe547b000 rw-p 00000000 00:00 0 
7fcfe547b000-7fcfe566f000 rw-p 00000000 00:00 0 
7fcfe566f000-7fcfe5726000 rw-p 00000000 00:00 0 
7fcfe5726000-7fcfe577a000 rw-p 00000000 00:00 0 
7fcfe577a000-7fcfe577b000 rw-p 00000000 00:00 0 
7fcfe577b000-7fcfe5795000 r-xp 00000000 08:01 283861                     /home/ubuntu/work/jdk1.7.0_60/jre/lib/amd64/libzip.so
7fcfe5795000-7fcfe5995000 ---p 0001a000 08:01 283861                     /home/ubuntu/work/jdk1.7.0_60/jre/lib/amd64/libzip.so
7fcfe5995000-7fcfe5996000 rw-p 0001a000 08:01 283861                     /home/ubuntu/work/jdk1.7.0_60/jre/lib/amd64/libzip.so
7fcfe5996000-7fcfe59a1000 r-xp 00000000 08:01 135570                     /lib/x86_64-linux-gnu/libnss_files-2.19.so
7fcfe59a1000-7fcfe5ba0000 ---p 0000b000 08:01 135570                     /lib/x86_64-linux-gnu/libnss_files-2.19.so
7fcfe5ba0000-7fcfe5ba1000 r--p 0000a000 08:01 135570                     /lib/x86_64-linux-gnu/libnss_files-2.19.so
7fcfe5ba1000-7fcfe5ba2000 rw-p 0000b000 08:01 135570                     /lib/x86_64-linux-gnu/libnss_files-2.19.so
7fcfe5ba2000-7fcfe5bad000 r-xp 00000000 08:01 135580                     /lib/x86_64-linux-gnu/libnss_nis-2.19.so
7fcfe5bad000-7fcfe5dac000 ---p 0000b000 08:01 135580                     /lib/x86_64-linux-gnu/libnss_nis-2.19.so
7fcfe5dac000-7fcfe5dad000 r--p 0000a000 08:01 135580                     /lib/x86_64-linux-gnu/libnss_nis-2.19.so
7fcfe5dad000-7fcfe5dae000 rw-p 0000b000 08:01 135580                     /lib/x86_64-linux-gnu/libnss_nis-2.19.so
7fcfe5dae000-7fcfe5dc5000 r-xp 00000000 08:01 135564                     /lib/x86_64-linux-gnu/libnsl-2.19.so
7fcfe5dc5000-7fcfe5fc4000 ---p 00017000 08:01 135564                     /lib/x86_64-linux-gnu/libnsl-2.19.so
7fcfe5fc4000-7fcfe5fc5000 r--p 00016000 08:01 135564                     /lib/x86_64-linux-gnu/libnsl-2.19.so
7fcfe5fc5000-7fcfe5fc6000 rw-p 00017000 08:01 135564                     /lib/x86_64-linux-gnu/libnsl-2.19.so
7fcfe5fc6000-7fcfe5fc8000 rw-p 00000000 00:00 0 
7fcfe5fc8000-7fcfe5fd1000 r-xp 00000000 08:01 135566                     /lib/x86_64-linux-gnu/libnss_compat-2.19.so
7fcfe5fd1000-7fcfe61d0000 ---p 00009000 08:01 135566                     /lib/x86_64-linux-gnu/libnss_compat-2.19.so
7fcfe61d0000-7fcfe61d1000 r--p 00008000 08:01 135566                     /lib/x86_64-linux-gnu/libnss_compat-2.19.so
7fcfe61d1000-7fcfe61d2000 rw-p 00009000 08:01 135566                     /lib/x86_64-linux-gnu/libnss_compat-2.19.so
7fcfe61d2000-7fcfe68b4000 r--p 00000000 08:01 925738                     /usr/lib/locale/locale-archive
7fcfe68b4000-7fcfe68b7000 r-xp 00000000 08:01 283829                     /home/ubuntu/work/jdk1.7.0_60/jre/lib/amd64/libnpt.so
7fcfe68b7000-7fcfe6ab6000 ---p 00003000 08:01 283829                     /home/ubuntu/work/jdk1.7.0_60/jre/lib/amd64/libnpt.so
7fcfe6ab6000-7fcfe6ab7000 rw-p 00002000 08:01 283829                     /home/ubuntu/work/jdk1.7.0_60/jre/lib/amd64/libnpt.so
7fcfe6ab7000-7fcfe6af0000 r-xp 00000000 08:01 283815                     /home/ubuntu/work/jdk1.7.0_60/jre/lib/amd64/libjdwp.so
7fcfe6af0000-7fcfe6cf0000 ---p 00039000 08:01 283815                     /home/ubuntu/work/jdk1.7.0_60/jre/lib/amd64/libjdwp.so
7fcfe6cf0000-7fcfe6cf1000 rw-p 00039000 08:01 283815                     /home/ubuntu/work/jdk1.7.0_60/jre/lib/amd64/libjdwp.so
7fcfe6cf1000-7fcfe6cf2000 rw-p 00000000 00:00 0 
7fcfe6cf2000-7fcfe6d1b000 r-xp 00000000 08:01 283844                     /home/ubuntu/work/jdk1.7.0_60/jre/lib/amd64/libjava.so
7fcfe6d1b000-7fcfe6f1b000 ---p 00029000 08:01 283844                     /home/ubuntu/work/jdk1.7.0_60/jre/lib/amd64/libjava.so
7fcfe6f1b000-7fcfe6f1d000 rw-p 00029000 08:01 283844                     /home/ubuntu/work/jdk1.7.0_60/jre/lib/amd64/libjava.so
7fcfe6f1d000-7fcfe6f2a000 r-xp 00000000 08:01 283806                     /home/ubuntu/work/jdk1.7.0_60/jre/lib/amd64/libverify.so
7fcfe6f2a000-7fcfe7129000 ---p 0000d000 08:01 283806                     /home/ubuntu/work/jdk1.7.0_60/jre/lib/amd64/libverify.so
7fcfe7129000-7fcfe712b000 rw-p 0000c000 08:01 283806                     /home/ubuntu/work/jdk1.7.0_60/jre/lib/amd64/libverify.so
7fcfe712b000-7fcfe7132000 r-xp 00000000 08:01 135623                     /lib/x86_64-linux-gnu/librt-2.19.so
7fcfe7132000-7fcfe7331000 ---p 00007000 08:01 135623                     /lib/x86_64-linux-gnu/librt-2.19.so
7fcfe7331000-7fcfe7332000 r--p 00006000 08:01 135623                     /lib/x86_64-linux-gnu/librt-2.19.so
7fcfe7332000-7fcfe7333000 rw-p 00007000 08:01 135623                     /lib/x86_64-linux-gnu/librt-2.19.so
7fcfe7333000-7fcfe7438000 r-xp 00000000 08:01 135545                     /lib/x86_64-linux-gnu/libm-2.19.so
7fcfe7438000-7fcfe7637000 ---p 00105000 08:01 135545                     /lib/x86_64-linux-gnu/libm-2.19.so
7fcfe7637000-7fcfe7638000 r--p 00104000 08:01 135545                     /lib/x86_64-linux-gnu/libm-2.19.so
7fcfe7638000-7fcfe7639000 rw-p 00105000 08:01 135545                     /lib/x86_64-linux-gnu/libm-2.19.so
7fcfe7639000-7fcfe81a9000 r-xp 00000000 08:01 283820                     /home/ubuntu/work/jdk1.7.0_60/jre/lib/amd64/server/libjvm.so
7fcfe81a9000-7fcfe83a8000 ---p 00b70000 08:01 283820                     /home/ubuntu/work/jdk1.7.0_60/jre/lib/amd64/server/libjvm.so
7fcfe83a8000-7fcfe846c000 rw-p 00b6f000 08:01 283820                     /home/ubuntu/work/jdk1.7.0_60/jre/lib/amd64/server/libjvm.so
7fcfe846c000-7fcfe84ad000 rw-p 00000000 00:00 0 
7fcfe84ad000-7fcfe8669000 r-xp 00000000 08:01 135495                     /lib/x86_64-linux-gnu/libc-2.19.so
7fcfe8669000-7fcfe8868000 ---p 001bc000 08:01 135495                     /lib/x86_64-linux-gnu/libc-2.19.so
7fcfe8868000-7fcfe886c000 r--p 001bb000 08:01 135495                     /lib/x86_64-linux-gnu/libc-2.19.so
7fcfe886c000-7fcfe886e000 rw-p 001bf000 08:01 135495                     /lib/x86_64-linux-gnu/libc-2.19.so
7fcfe886e000-7fcfe8873000 rw-p 00000000 00:00 0 
7fcfe8873000-7fcfe8876000 r-xp 00000000 08:01 135512                     /lib/x86_64-linux-gnu/libdl-2.19.so
7fcfe8876000-7fcfe8a75000 ---p 00003000 08:01 135512                     /lib/x86_64-linux-gnu/libdl-2.19.so
7fcfe8a75000-7fcfe8a76000 r--p 00002000 08:01 135512                     /lib/x86_64-linux-gnu/libdl-2.19.so
7fcfe8a76000-7fcfe8a77000 rw-p 00003000 08:01 135512                     /lib/x86_64-linux-gnu/libdl-2.19.so
7fcfe8a77000-7fcfe8a8d000 r-xp 00000000 08:01 138866                     /home/ubuntu/work/jdk1.7.0_60/lib/amd64/jli/libjli.so
7fcfe8a8d000-7fcfe8c8d000 ---p 00016000 08:01 138866                     /home/ubuntu/work/jdk1.7.0_60/lib/amd64/jli/libjli.so
7fcfe8c8d000-7fcfe8c8e000 rw-p 00016000 08:01 138866                     /home/ubuntu/work/jdk1.7.0_60/lib/amd64/jli/libjli.so
7fcfe8c8e000-7fcfe8ca7000 r-xp 00000000 08:01 135615                     /lib/x86_64-linux-gnu/libpthread-2.19.so
7fcfe8ca7000-7fcfe8ea6000 ---p 00019000 08:01 135615                     /lib/x86_64-linux-gnu/libpthread-2.19.so
7fcfe8ea6000-7fcfe8ea7000 r--p 00018000 08:01 135615                     /lib/x86_64-linux-gnu/libpthread-2.19.so
7fcfe8ea7000-7fcfe8ea8000 rw-p 00019000 08:01 135615                     /lib/x86_64-linux-gnu/libpthread-2.19.so
7fcfe8ea8000-7fcfe8eac000 rw-p 00000000 00:00 0 
7fcfe8eac000-7fcfe8ecf000 r-xp 00000000 08:01 135471                     /lib/x86_64-linux-gnu/ld-2.19.so
7fcfe8ecf000-7fcfe8ed1000 r--s 00019000 08:01 154101                     /home/ubuntu/work/jdk1.7.0_60/jre/lib/jce.jar
7fcfe8ed1000-7fcfe8eff000 rw-p 00000000 00:00 0 
7fcfe8eff000-7fcfe8fb2000 rw-p 00000000 00:00 0 
7fcfe8fb2000-7fcfe8fb5000 ---p 00000000 00:00 0 
7fcfe8fb5000-7fcfe90b7000 rw-p 00000000 00:00 0                          [stack:7394]
7fcfe90b7000-7fcfe90c2000 r--s 0037c000 08:01 154099                     /home/ubuntu/work/jdk1.7.0_60/jre/lib/charsets.jar
7fcfe90c2000-7fcfe90ca000 rw-s 00000000 08:01 307247                     /tmp/hsperfdata_ubuntu/7392
7fcfe90ca000-7fcfe90cb000 rw-p 00000000 00:00 0 
7fcfe90cb000-7fcfe90cc000 r--p 00000000 00:00 0 
7fcfe90cc000-7fcfe90ce000 rw-p 00000000 00:00 0 
7fcfe90ce000-7fcfe90cf000 r--p 00022000 08:01 135471                     /lib/x86_64-linux-gnu/ld-2.19.so
7fcfe90cf000-7fcfe90d0000 rw-p 00023000 08:01 135471                     /lib/x86_64-linux-gnu/ld-2.19.so
7fcfe90d0000-7fcfe90d1000 rw-p 00000000 00:00 0 
7fffcd999000-7fffcd9be000 rw-p 00000000 00:00 0                          [stack]
7fffcd9cf000-7fffcd9d1000 r-xp 00000000 00:00 0                          [vdso]
ffffffffff600000-ffffffffff601000 r-xp 00000000 00:00 0                  [vsyscall]

VM Arguments:
jvm_args: -agentlib:jdwp=transport=dt_socket,address=127.0.0.1:39040,suspend=y,server=n -Dfile.encoding=UTF-8 
java_command: IsotonicRegressionApp
Launcher Type: SUN_STANDARD

Environment Variables:
JAVA_HOME=/home/ubuntu/work/jdk1.7.0_60
PATH=/usr/local/sbin:/usr/local/bin:/usr/sbin:/usr/bin:/sbin:/bin:/usr/games:/usr/local/games:/home/ubuntu/work/jdk1.7.0_60/bin:/home/ubuntu/work/apache-maven-3.3.9/bin:/home/ubuntu/work/scala-2.11.7/bin:/home/ubuntu/work/hadoop-2.6.0/bin:/home/ubuntu/work/hadoop-2.6.0/sbin
LD_LIBRARY_PATH=/home/ubuntu/work/idea-IC-143.1821.5/bin:
SHELL=/bin/bash
DISPLAY=:0

Signal Handlers:
SIGSEGV: [libjvm.so+0x99f0f0], sa_mask[0]=0x7ffbfeff, sa_flags=0x10000004
SIGBUS: [libjvm.so+0x99f0f0], sa_mask[0]=0x7ffbfeff, sa_flags=0x10000004
SIGFPE: [libjvm.so+0x81a6d0], sa_mask[0]=0x7ffbfeff, sa_flags=0x10000004
SIGPIPE: [libjvm.so+0x81a6d0], sa_mask[0]=0x7ffbfeff, sa_flags=0x10000004
SIGXFSZ: [libjvm.so+0x81a6d0], sa_mask[0]=0x7ffbfeff, sa_flags=0x10000004
SIGILL: [libjvm.so+0x81a6d0], sa_mask[0]=0x7ffbfeff, sa_flags=0x10000004
SIGUSR1: SIG_DFL, sa_mask[0]=0x00000000, sa_flags=0x00000000
SIGUSR2: [libjvm.so+0x81bed0], sa_mask[0]=0x00000004, sa_flags=0x10000004
SIGHUP: [libjvm.so+0x81cfd0], sa_mask[0]=0x7ffbfeff, sa_flags=0x10000004
SIGINT: [libjvm.so+0x81cfd0], sa_mask[0]=0x7ffbfeff, sa_flags=0x10000004
SIGTERM: [libjvm.so+0x81cfd0], sa_mask[0]=0x7ffbfeff, sa_flags=0x10000004
SIGQUIT: [libjvm.so+0x81cfd0], sa_mask[0]=0x7ffbfeff, sa_flags=0x10000004


---------------  S Y S T E M  ---------------

OS:jessie/sid

uname:Linux 3.13.0-32-generic #57-Ubuntu SMP Tue Jul 15 03:51:08 UTC 2014 x86_64
libc:glibc 2.19 NPTL 2.19 
rlimit: STACK 8192k, CORE 0k, NPROC 51081, NOFILE 4096, AS infinity
load average:1.01 0.54 0.45

/proc/meminfo:
MemTotal:        6559976 kB
MemFree:          612264 kB
Buffers:            5404 kB
Cached:           236100 kB
SwapCached:       138340 kB
Active:          3688172 kB
Inactive:        1140260 kB
Active(anon):    3558016 kB
Inactive(anon):  1042488 kB
Active(file):     130156 kB
Inactive(file):    97772 kB
Unevictable:          32 kB
Mlocked:              32 kB
SwapTotal:       1046524 kB
SwapFree:         151140 kB
Dirty:              2964 kB
Writeback:             0 kB
AnonPages:       4462188 kB
Mapped:            79940 kB
Shmem:             13224 kB
Slab:             959996 kB
SReclaimable:     351192 kB
SUnreclaim:       608804 kB
KernelStack:        8400 kB
PageTables:        43208 kB
NFS_Unstable:          0 kB
Bounce:                0 kB
WritebackTmp:          0 kB
CommitLimit:     4326512 kB
Committed_AS:    9852156 kB
VmallocTotal:   34359738367 kB
VmallocUsed:      176144 kB
VmallocChunk:   34359464900 kB
HardwareCorrupted:     0 kB
AnonHugePages:   3426304 kB
HugePages_Total:       0
HugePages_Free:        0
HugePages_Rsvd:        0
HugePages_Surp:        0
Hugepagesize:       2048 kB
DirectMap4k:       63296 kB
DirectMap2M:     2496512 kB
DirectMap1G:     4194304 kB


CPU:total 4 (1 cores per cpu, 1 threads per core) family 6 model 70 stepping 1, cmov, cx8, fxsr, mmx, sse, sse2, sse3, ssse3, sse4.1, sse4.2, popcnt, avx, aes, erms, tsc, tscinvbit

/proc/cpuinfo:
processor	: 0
vendor_id	: GenuineIntel
cpu family	: 6
model		: 70
model name	: Intel(R) Core(TM) i7-4870HQ CPU @ 2.50GHz
stepping	: 1
microcode	: 0x13
cpu MHz		: 2494.641
cache size	: 6144 KB
physical id	: 0
siblings	: 1
core id		: 0
cpu cores	: 1
apicid		: 0
initial apicid	: 0
fpu		: yes
fpu_exception	: yes
cpuid level	: 13
wp		: yes
flags		: fpu vme de pse tsc msr pae mce cx8 apic sep mtrr pge mca cmov pat pse36 clflush dts mmx fxsr sse sse2 ss syscall nx pdpe1gb rdtscp lm constant_tsc arch_perfmon pebs bts nopl xtopology tsc_reliable nonstop_tsc aperfmperf pni pclmulqdq vmx ssse3 fma cx16 pcid sse4_1 sse4_2 x2apic movbe popcnt aes xsave avx f16c rdrand hypervisor lahf_lm ida arat epb pln pts dtherm tpr_shadow vnmi ept vpid fsgsbase smep
bogomips	: 4989.28
clflush size	: 64
cache_alignment	: 64
address sizes	: 40 bits physical, 48 bits virtual
power management:

processor	: 1
vendor_id	: GenuineIntel
cpu family	: 6
model		: 70
model name	: Intel(R) Core(TM) i7-4870HQ CPU @ 2.50GHz
stepping	: 1
microcode	: 0x13
cpu MHz		: 2494.641
cache size	: 6144 KB
physical id	: 2
siblings	: 1
core id		: 0
cpu cores	: 1
apicid		: 2
initial apicid	: 2
fpu		: yes
fpu_exception	: yes
cpuid level	: 13
wp		: yes
flags		: fpu vme de pse tsc msr pae mce cx8 apic sep mtrr pge mca cmov pat pse36 clflush dts mmx fxsr sse sse2 ss syscall nx pdpe1gb rdtscp lm constant_tsc arch_perfmon pebs bts nopl xtopology tsc_reliable nonstop_tsc aperfmperf pni pclmulqdq vmx ssse3 fma cx16 pcid sse4_1 sse4_2 x2apic movbe popcnt aes xsave avx f16c rdrand hypervisor lahf_lm ida arat epb pln pts dtherm tpr_shadow vnmi ept vpid fsgsbase smep
bogomips	: 4989.28
clflush size	: 64
cache_alignment	: 64
address sizes	: 40 bits physical, 48 bits virtual
power management:

processor	: 2
vendor_id	: GenuineIntel
cpu family	: 6
model		: 70
model name	: Intel(R) Core(TM) i7-4870HQ CPU @ 2.50GHz
stepping	: 1
microcode	: 0x13
cpu MHz		: 2494.641
cache size	: 6144 KB
physical id	: 4
siblings	: 1
core id		: 0
cpu cores	: 1
apicid		: 4
initial apicid	: 4
fpu		: yes
fpu_exception	: yes
cpuid level	: 13
wp		: yes
flags		: fpu vme de pse tsc msr pae mce cx8 apic sep mtrr pge mca cmov pat pse36 clflush dts mmx fxsr sse sse2 ss syscall nx pdpe1gb rdtscp lm constant_tsc arch_perfmon pebs bts nopl xtopology tsc_reliable nonstop_tsc aperfmperf pni pclmulqdq vmx ssse3 fma cx16 pcid sse4_1 sse4_2 x2apic movbe popcnt aes xsave avx f16c rdrand hypervisor lahf_lm ida arat epb pln pts dtherm tpr_shadow vnmi ept vpid fsgsbase smep
bogomips	: 4989.28
clflush size	: 64
cache_alignment	: 64
address sizes	: 40 bits physical, 48 bits virtual
power management:

processor	: 3
vendor_id	: GenuineIntel
cpu family	: 6
model		: 70
model name	: Intel(R) Core(TM) i7-4870HQ CPU @ 2.50GHz
stepping	: 1
microcode	: 0x13
cpu MHz		: 2494.641
cache size	: 6144 KB
physical id	: 6
siblings	: 1
core id		: 0
cpu cores	: 1
apicid		: 6
initial apicid	: 6
fpu		: yes
fpu_exception	: yes
cpuid level	: 13
wp		: yes
flags		: fpu vme de pse tsc msr pae mce cx8 apic sep mtrr pge mca cmov pat pse36 clflush dts mmx fxsr sse sse2 ss syscall nx pdpe1gb rdtscp lm constant_tsc arch_perfmon pebs bts nopl xtopology tsc_reliable nonstop_tsc aperfmperf pni pclmulqdq vmx ssse3 fma cx16 pcid sse4_1 sse4_2 x2apic movbe popcnt aes xsave avx f16c rdrand hypervisor lahf_lm ida arat epb pln pts dtherm tpr_shadow vnmi ept vpid fsgsbase smep
bogomips	: 4989.28
clflush size	: 64
cache_alignment	: 64
address sizes	: 40 bits physical, 48 bits virtual
power management:



Memory: 4k page, physical 6559976k(612264k free), swap 1046524k(151140k free)

vm_info: Java HotSpot(TM) 64-Bit Server VM (24.60-b09) for linux-amd64 JRE (1.7.0_60-b19), built on May  7 2014 13:18:30 by "java_re" with gcc 4.3.0 20080428 (Red Hat 4.3.0-8)

time: Tue Apr 19 00:23:38 2016
elapsed time: 5944 seconds

